<?xml version="1.0" encoding="UTF-8"?>
<testng-results skipped="0" failed="0" total="1" passed="1">
  <reporter-output>
  </reporter-output>
  <suite name="Surefire suite" duration-ms="18" started-at="2015-10-10T04:17:57Z" finished-at="2015-10-10T04:17:58Z">
    <groups>
    </groups>
    <test name="Surefire test" duration-ms="18" started-at="2015-10-10T04:17:57Z" finished-at="2015-10-10T04:17:58Z">
      <class name="io.swagger.generator.GeneratorInputTest">
        <test-method status="PASS" signature="writeObjectTest()[pri:0, instance:io.swagger.generator.GeneratorInputTest@1e64a937]" name="writeObjectTest" duration-ms="7" started-at="2015-10-09T23:17:58Z" description="write an object" finished-at="2015-10-09T23:17:58Z">
          <reporter-output>
          </reporter-output>
        </test-method> <!-- writeObjectTest -->
      </class> <!-- io.swagger.generator.GeneratorInputTest -->
    </test> <!-- Surefire test -->
  </suite> <!-- Surefire suite -->
</testng-results>
