<?xml version="1.0" encoding="UTF-8"?>
<testng-results skipped="0" failed="0" total="20" passed="20">
  <reporter-output>
  </reporter-output>
  <suite name="Surefire suite" duration-ms="380" started-at="2015-10-10T04:15:52Z" finished-at="2015-10-10T04:15:53Z">
    <groups>
    </groups>
    <test name="Surefire test" duration-ms="380" started-at="2015-10-10T04:15:52Z" finished-at="2015-10-10T04:15:53Z">
      <class name="io.swagger.codegen.cmd.GenerateTest">
        <test-method status="PASS" signature="testAdditionalProperties()[pri:0, instance:io.swagger.codegen.cmd.GenerateTest@967e8c]" name="testAdditionalProperties" duration-ms="193" started-at="2015-10-09T23:15:52Z" finished-at="2015-10-09T23:15:52Z">
          <reporter-output>
          </reporter-output>
        </test-method> <!-- testAdditionalProperties -->
        <test-method status="PASS" signature="testApiPackage()[pri:0, instance:io.swagger.codegen.cmd.GenerateTest@967e8c]" name="testApiPackage" duration-ms="6" started-at="2015-10-09T23:15:52Z" finished-at="2015-10-09T23:15:52Z">
          <reporter-output>
          </reporter-output>
        </test-method> <!-- testApiPackage -->
        <test-method status="PASS" signature="testArtifactId()[pri:0, instance:io.swagger.codegen.cmd.GenerateTest@967e8c]" name="testArtifactId" duration-ms="6" started-at="2015-10-09T23:15:52Z" finished-at="2015-10-09T23:15:52Z">
          <reporter-output>
          </reporter-output>
        </test-method> <!-- testArtifactId -->
        <test-method status="PASS" signature="testArtifactVersion()[pri:0, instance:io.swagger.codegen.cmd.GenerateTest@967e8c]" name="testArtifactVersion" duration-ms="6" started-at="2015-10-09T23:15:52Z" finished-at="2015-10-09T23:15:52Z">
          <reporter-output>
          </reporter-output>
        </test-method> <!-- testArtifactVersion -->
        <test-method status="PASS" signature="testAuth()[pri:0, instance:io.swagger.codegen.cmd.GenerateTest@967e8c]" name="testAuth" duration-ms="18" started-at="2015-10-09T23:15:52Z" finished-at="2015-10-09T23:15:52Z">
          <reporter-output>
          </reporter-output>
        </test-method> <!-- testAuth -->
        <test-method status="PASS" signature="testConfig()[pri:0, instance:io.swagger.codegen.cmd.GenerateTest@967e8c]" name="testConfig" duration-ms="12" started-at="2015-10-09T23:15:52Z" finished-at="2015-10-09T23:15:52Z">
          <reporter-output>
          </reporter-output>
        </test-method> <!-- testConfig -->
        <test-method status="PASS" signature="testGroupId()[pri:0, instance:io.swagger.codegen.cmd.GenerateTest@967e8c]" name="testGroupId" duration-ms="6" started-at="2015-10-09T23:15:52Z" finished-at="2015-10-09T23:15:52Z">
          <reporter-output>
          </reporter-output>
        </test-method> <!-- testGroupId -->
        <test-method status="PASS" signature="testImportMappings()[pri:0, instance:io.swagger.codegen.cmd.GenerateTest@967e8c]" name="testImportMappings" duration-ms="7" started-at="2015-10-09T23:15:52Z" finished-at="2015-10-09T23:15:52Z">
          <reporter-output>
          </reporter-output>
        </test-method> <!-- testImportMappings -->
        <test-method status="PASS" signature="testInstantiationTypes()[pri:0, instance:io.swagger.codegen.cmd.GenerateTest@967e8c]" name="testInstantiationTypes" duration-ms="7" started-at="2015-10-09T23:15:52Z" finished-at="2015-10-09T23:15:52Z">
          <reporter-output>
          </reporter-output>
        </test-method> <!-- testInstantiationTypes -->
        <test-method status="PASS" signature="testInvokerPackage()[pri:0, instance:io.swagger.codegen.cmd.GenerateTest@967e8c]" name="testInvokerPackage" duration-ms="6" started-at="2015-10-09T23:15:52Z" finished-at="2015-10-09T23:15:52Z">
          <reporter-output>
          </reporter-output>
        </test-method> <!-- testInvokerPackage -->
        <test-method status="PASS" signature="testLanguageSpecificPrimitives()[pri:0, instance:io.swagger.codegen.cmd.GenerateTest@967e8c]" name="testLanguageSpecificPrimitives" duration-ms="6" started-at="2015-10-09T23:15:52Z" finished-at="2015-10-09T23:15:52Z">
          <reporter-output>
          </reporter-output>
        </test-method> <!-- testLanguageSpecificPrimitives -->
        <test-method status="PASS" signature="testLibrary()[pri:0, instance:io.swagger.codegen.cmd.GenerateTest@967e8c]" name="testLibrary" duration-ms="6" started-at="2015-10-09T23:15:52Z" finished-at="2015-10-09T23:15:52Z">
          <reporter-output>
          </reporter-output>
        </test-method> <!-- testLibrary -->
        <test-method status="PASS" signature="testModelPackage()[pri:0, instance:io.swagger.codegen.cmd.GenerateTest@967e8c]" name="testModelPackage" duration-ms="9" started-at="2015-10-09T23:15:52Z" finished-at="2015-10-09T23:15:52Z">
          <reporter-output>
          </reporter-output>
        </test-method> <!-- testModelPackage -->
        <test-method status="PASS" signature="testRequiredArgs_LongArgs()[pri:0, instance:io.swagger.codegen.cmd.GenerateTest@967e8c]" name="testRequiredArgs_LongArgs" duration-ms="7" started-at="2015-10-09T23:15:52Z" finished-at="2015-10-09T23:15:52Z">
          <reporter-output>
          </reporter-output>
        </test-method> <!-- testRequiredArgs_LongArgs -->
        <test-method status="PASS" signature="testRequiredArgs_ShortArgs()[pri:0, instance:io.swagger.codegen.cmd.GenerateTest@967e8c]" name="testRequiredArgs_ShortArgs" duration-ms="5" started-at="2015-10-09T23:15:52Z" finished-at="2015-10-09T23:15:53Z">
          <reporter-output>
          </reporter-output>
        </test-method> <!-- testRequiredArgs_ShortArgs -->
        <test-method status="PASS" signature="testSkipOverwrite()[pri:0, instance:io.swagger.codegen.cmd.GenerateTest@967e8c]" name="testSkipOverwrite" duration-ms="12" started-at="2015-10-09T23:15:53Z" finished-at="2015-10-09T23:15:53Z">
          <reporter-output>
          </reporter-output>
        </test-method> <!-- testSkipOverwrite -->
        <test-method status="PASS" signature="testSystemProperties()[pri:0, instance:io.swagger.codegen.cmd.GenerateTest@967e8c]" name="testSystemProperties" duration-ms="13" started-at="2015-10-09T23:15:53Z" finished-at="2015-10-09T23:15:53Z">
          <reporter-output>
          </reporter-output>
        </test-method> <!-- testSystemProperties -->
        <test-method status="PASS" signature="testTemplateDir()[pri:0, instance:io.swagger.codegen.cmd.GenerateTest@967e8c]" name="testTemplateDir" duration-ms="14" started-at="2015-10-09T23:15:53Z" finished-at="2015-10-09T23:15:53Z">
          <reporter-output>
          </reporter-output>
        </test-method> <!-- testTemplateDir -->
        <test-method status="PASS" signature="testTypeMappings()[pri:0, instance:io.swagger.codegen.cmd.GenerateTest@967e8c]" name="testTypeMappings" duration-ms="6" started-at="2015-10-09T23:15:53Z" finished-at="2015-10-09T23:15:53Z">
          <reporter-output>
          </reporter-output>
        </test-method> <!-- testTypeMappings -->
        <test-method status="PASS" signature="testVerbose()[pri:0, instance:io.swagger.codegen.cmd.GenerateTest@967e8c]" name="testVerbose" duration-ms="11" started-at="2015-10-09T23:15:53Z" finished-at="2015-10-09T23:15:53Z">
          <reporter-output>
          </reporter-output>
        </test-method> <!-- testVerbose -->
      </class> <!-- io.swagger.codegen.cmd.GenerateTest -->
    </test> <!-- Surefire test -->
  </suite> <!-- Surefire suite -->
</testng-results>
