<?xml version="1.0" encoding="UTF-8"?>
<!-- Generated by org.testng.reporters.JUnitXMLReporter -->
<testsuite hostname="Daniels-MacBook-Pro.local" name="Surefire test" tests="20" failures="0" timestamp="10 Oct 2015 04:15:53 GMT" time="0.38" errors="0">
  <testcase name="testAdditionalProperties" time="0.193" classname="io.swagger.codegen.cmd.GenerateTest"/>
  <testcase name="testApiPackage" time="0.006" classname="io.swagger.codegen.cmd.GenerateTest"/>
  <testcase name="testArtifactId" time="0.006" classname="io.swagger.codegen.cmd.GenerateTest"/>
  <testcase name="testArtifactVersion" time="0.006" classname="io.swagger.codegen.cmd.GenerateTest"/>
  <testcase name="testAuth" time="0.018" classname="io.swagger.codegen.cmd.GenerateTest"/>
  <testcase name="testConfig" time="0.012" classname="io.swagger.codegen.cmd.GenerateTest"/>
  <testcase name="testGroupId" time="0.006" classname="io.swagger.codegen.cmd.GenerateTest"/>
  <testcase name="testImportMappings" time="0.007" classname="io.swagger.codegen.cmd.GenerateTest"/>
  <testcase name="testInstantiationTypes" time="0.007" classname="io.swagger.codegen.cmd.GenerateTest"/>
  <testcase name="testInvokerPackage" time="0.006" classname="io.swagger.codegen.cmd.GenerateTest"/>
  <testcase name="testLanguageSpecificPrimitives" time="0.006" classname="io.swagger.codegen.cmd.GenerateTest"/>
  <testcase name="testLibrary" time="0.006" classname="io.swagger.codegen.cmd.GenerateTest"/>
  <testcase name="testModelPackage" time="0.009" classname="io.swagger.codegen.cmd.GenerateTest"/>
  <testcase name="testRequiredArgs_LongArgs" time="0.007" classname="io.swagger.codegen.cmd.GenerateTest"/>
  <testcase name="testRequiredArgs_ShortArgs" time="0.005" classname="io.swagger.codegen.cmd.GenerateTest"/>
  <testcase name="testSkipOverwrite" time="0.012" classname="io.swagger.codegen.cmd.GenerateTest"/>
  <testcase name="testSystemProperties" time="0.013" classname="io.swagger.codegen.cmd.GenerateTest"/>
  <testcase name="testTemplateDir" time="0.014" classname="io.swagger.codegen.cmd.GenerateTest"/>
  <testcase name="testTypeMappings" time="0.006" classname="io.swagger.codegen.cmd.GenerateTest"/>
  <testcase name="testVerbose" time="0.011" classname="io.swagger.codegen.cmd.GenerateTest"/>
</testsuite> <!-- Surefire test -->
