<?xml version="1.0" encoding="UTF-8"?>
<testng-results skipped="0" failed="0" total="150" passed="150">
  <reporter-output>
  </reporter-output>
  <suite name="Surefire suite" duration-ms="2073" started-at="2015-10-10T04:15:38Z" finished-at="2015-10-10T04:15:41Z">
    <groups>
    </groups>
    <test name="Surefire test" duration-ms="2073" started-at="2015-10-10T04:15:38Z" finished-at="2015-10-10T04:15:41Z">
      <class name="io.swagger.codegen.CodegenConfigLoaderTest">
        <test-method status="PASS" signature="testLoadByFullQualifiedName(io.swagger.codegen.CodegenConfig)[pri:0, instance:io.swagger.codegen.CodegenConfigLoaderTest@76ff3813]" name="testLoadByFullQualifiedName" duration-ms="5" started-at="2015-10-09T23:15:39Z" data-provider="codegenConfig" finished-at="2015-10-09T23:15:39Z">
          <params>
            <param index="0">
              <value>
                <![CDATA[io.swagger.codegen.languages.JaxRSServerCodegen@5ff1141e]]>
              </value>
            </param>
          </params>
          <reporter-output>
          </reporter-output>
        </test-method> <!-- testLoadByFullQualifiedName -->
        <test-method status="PASS" signature="testLoadByFullQualifiedName(io.swagger.codegen.CodegenConfig)[pri:0, instance:io.swagger.codegen.CodegenConfigLoaderTest@76ff3813]" name="testLoadByFullQualifiedName" duration-ms="3" started-at="2015-10-09T23:15:39Z" data-provider="codegenConfig" finished-at="2015-10-09T23:15:39Z">
          <params>
            <param index="0">
              <value>
                <![CDATA[io.swagger.codegen.languages.SwaggerGenerator@4c5feec7]]>
              </value>
            </param>
          </params>
          <reporter-output>
          </reporter-output>
        </test-method> <!-- testLoadByFullQualifiedName -->
        <test-method status="PASS" signature="testLoadByFullQualifiedName(io.swagger.codegen.CodegenConfig)[pri:0, instance:io.swagger.codegen.CodegenConfigLoaderTest@76ff3813]" name="testLoadByFullQualifiedName" duration-ms="3" started-at="2015-10-09T23:15:39Z" data-provider="codegenConfig" finished-at="2015-10-09T23:15:39Z">
          <params>
            <param index="0">
              <value>
                <![CDATA[io.swagger.codegen.languages.PhpClientCodegen@2e3571fd]]>
              </value>
            </param>
          </params>
          <reporter-output>
          </reporter-output>
        </test-method> <!-- testLoadByFullQualifiedName -->
        <test-method status="PASS" signature="testLoadByFullQualifiedName(io.swagger.codegen.CodegenConfig)[pri:0, instance:io.swagger.codegen.CodegenConfigLoaderTest@76ff3813]" name="testLoadByFullQualifiedName" duration-ms="4" started-at="2015-10-09T23:15:39Z" data-provider="codegenConfig" finished-at="2015-10-09T23:15:39Z">
          <params>
            <param index="0">
              <value>
                <![CDATA[io.swagger.codegen.languages.TypeScriptNodeClientCodegen@36ceb0be]]>
              </value>
            </param>
          </params>
          <reporter-output>
          </reporter-output>
        </test-method> <!-- testLoadByFullQualifiedName -->
        <test-method status="PASS" signature="testLoadByFullQualifiedName(io.swagger.codegen.CodegenConfig)[pri:0, instance:io.swagger.codegen.CodegenConfigLoaderTest@76ff3813]" name="testLoadByFullQualifiedName" duration-ms="4" started-at="2015-10-09T23:15:39Z" data-provider="codegenConfig" finished-at="2015-10-09T23:15:39Z">
          <params>
            <param index="0">
              <value>
                <![CDATA[io.swagger.codegen.languages.TizenClientCodegen@3bb5a60e]]>
              </value>
            </param>
          </params>
          <reporter-output>
          </reporter-output>
        </test-method> <!-- testLoadByFullQualifiedName -->
        <test-method status="PASS" signature="testLoadByFullQualifiedName(io.swagger.codegen.CodegenConfig)[pri:0, instance:io.swagger.codegen.CodegenConfigLoaderTest@76ff3813]" name="testLoadByFullQualifiedName" duration-ms="4" started-at="2015-10-09T23:15:39Z" data-provider="codegenConfig" finished-at="2015-10-09T23:15:39Z">
          <params>
            <param index="0">
              <value>
                <![CDATA[io.swagger.codegen.languages.SwaggerYamlGenerator@12a8ffc2]]>
              </value>
            </param>
          </params>
          <reporter-output>
          </reporter-output>
        </test-method> <!-- testLoadByFullQualifiedName -->
        <test-method status="PASS" signature="testLoadByFullQualifiedName(io.swagger.codegen.CodegenConfig)[pri:0, instance:io.swagger.codegen.CodegenConfigLoaderTest@76ff3813]" name="testLoadByFullQualifiedName" duration-ms="4" started-at="2015-10-09T23:15:39Z" data-provider="codegenConfig" finished-at="2015-10-09T23:15:39Z">
          <params>
            <param index="0">
              <value>
                <![CDATA[io.swagger.codegen.languages.StaticHtmlGenerator@152f2320]]>
              </value>
            </param>
          </params>
          <reporter-output>
          </reporter-output>
        </test-method> <!-- testLoadByFullQualifiedName -->
        <test-method status="PASS" signature="testLoadByFullQualifiedName(io.swagger.codegen.CodegenConfig)[pri:0, instance:io.swagger.codegen.CodegenConfigLoaderTest@76ff3813]" name="testLoadByFullQualifiedName" duration-ms="4" started-at="2015-10-09T23:15:39Z" data-provider="codegenConfig" finished-at="2015-10-09T23:15:39Z">
          <params>
            <param index="0">
              <value>
                <![CDATA[io.swagger.codegen.languages.SilexServerCodegen@49ab14bd]]>
              </value>
            </param>
          </params>
          <reporter-output>
          </reporter-output>
        </test-method> <!-- testLoadByFullQualifiedName -->
        <test-method status="PASS" signature="testLoadByFullQualifiedName(io.swagger.codegen.CodegenConfig)[pri:0, instance:io.swagger.codegen.CodegenConfigLoaderTest@76ff3813]" name="testLoadByFullQualifiedName" duration-ms="3" started-at="2015-10-09T23:15:39Z" data-provider="codegenConfig" finished-at="2015-10-09T23:15:39Z">
          <params>
            <param index="0">
              <value>
                <![CDATA[io.swagger.codegen.languages.FlashClientCodegen@7edeaa13]]>
              </value>
            </param>
          </params>
          <reporter-output>
          </reporter-output>
        </test-method> <!-- testLoadByFullQualifiedName -->
        <test-method status="PASS" signature="testLoadByFullQualifiedName(io.swagger.codegen.CodegenConfig)[pri:0, instance:io.swagger.codegen.CodegenConfigLoaderTest@76ff3813]" name="testLoadByFullQualifiedName" duration-ms="3" started-at="2015-10-09T23:15:39Z" data-provider="codegenConfig" finished-at="2015-10-09T23:15:39Z">
          <params>
            <param index="0">
              <value>
                <![CDATA[io.swagger.codegen.languages.AsyncScalaClientCodegen@4c700677]]>
              </value>
            </param>
          </params>
          <reporter-output>
          </reporter-output>
        </test-method> <!-- testLoadByFullQualifiedName -->
        <test-method status="PASS" signature="testLoadByFullQualifiedName(io.swagger.codegen.CodegenConfig)[pri:0, instance:io.swagger.codegen.CodegenConfigLoaderTest@76ff3813]" name="testLoadByFullQualifiedName" duration-ms="3" started-at="2015-10-09T23:15:39Z" data-provider="codegenConfig" finished-at="2015-10-09T23:15:39Z">
          <params>
            <param index="0">
              <value>
                <![CDATA[io.swagger.codegen.languages.ScalatraServerCodegen@4eb895d5]]>
              </value>
            </param>
          </params>
          <reporter-output>
          </reporter-output>
        </test-method> <!-- testLoadByFullQualifiedName -->
        <test-method status="PASS" signature="testLoadByFullQualifiedName(io.swagger.codegen.CodegenConfig)[pri:0, instance:io.swagger.codegen.CodegenConfigLoaderTest@76ff3813]" name="testLoadByFullQualifiedName" duration-ms="2" started-at="2015-10-09T23:15:39Z" data-provider="codegenConfig" finished-at="2015-10-09T23:15:39Z">
          <params>
            <param index="0">
              <value>
                <![CDATA[io.swagger.codegen.languages.SpringMVCServerCodegen@3874fb53]]>
              </value>
            </param>
          </params>
          <reporter-output>
          </reporter-output>
        </test-method> <!-- testLoadByFullQualifiedName -->
        <test-method status="PASS" signature="testLoadByFullQualifiedName(io.swagger.codegen.CodegenConfig)[pri:0, instance:io.swagger.codegen.CodegenConfigLoaderTest@76ff3813]" name="testLoadByFullQualifiedName" duration-ms="2" started-at="2015-10-09T23:15:39Z" data-provider="codegenConfig" finished-at="2015-10-09T23:15:39Z">
          <params>
            <param index="0">
              <value>
                <![CDATA[io.swagger.codegen.languages.ScalaClientCodegen@820231a]]>
              </value>
            </param>
          </params>
          <reporter-output>
          </reporter-output>
        </test-method> <!-- testLoadByFullQualifiedName -->
        <test-method status="PASS" signature="testLoadByFullQualifiedName(io.swagger.codegen.CodegenConfig)[pri:0, instance:io.swagger.codegen.CodegenConfigLoaderTest@76ff3813]" name="testLoadByFullQualifiedName" duration-ms="11" started-at="2015-10-09T23:15:39Z" data-provider="codegenConfig" finished-at="2015-10-09T23:15:39Z">
          <params>
            <param index="0">
              <value>
                <![CDATA[io.swagger.codegen.languages.NodeJSServerCodegen@75e08420]]>
              </value>
            </param>
          </params>
          <reporter-output>
          </reporter-output>
        </test-method> <!-- testLoadByFullQualifiedName -->
        <test-method status="PASS" signature="testLoadByFullQualifiedName(io.swagger.codegen.CodegenConfig)[pri:0, instance:io.swagger.codegen.CodegenConfigLoaderTest@76ff3813]" name="testLoadByFullQualifiedName" duration-ms="11" started-at="2015-10-09T23:15:39Z" data-provider="codegenConfig" finished-at="2015-10-09T23:15:39Z">
          <params>
            <param index="0">
              <value>
                <![CDATA[io.swagger.codegen.languages.PythonClientCodegen@67028d55]]>
              </value>
            </param>
          </params>
          <reporter-output>
          </reporter-output>
        </test-method> <!-- testLoadByFullQualifiedName -->
        <test-method status="PASS" signature="testLoadByFullQualifiedName(io.swagger.codegen.CodegenConfig)[pri:0, instance:io.swagger.codegen.CodegenConfigLoaderTest@76ff3813]" name="testLoadByFullQualifiedName" duration-ms="2" started-at="2015-10-09T23:15:39Z" data-provider="codegenConfig" finished-at="2015-10-09T23:15:39Z">
          <params>
            <param index="0">
              <value>
                <![CDATA[io.swagger.codegen.languages.DartClientCodegen@588cfc48]]>
              </value>
            </param>
          </params>
          <reporter-output>
          </reporter-output>
        </test-method> <!-- testLoadByFullQualifiedName -->
        <test-method status="PASS" signature="testLoadByFullQualifiedName(io.swagger.codegen.CodegenConfig)[pri:0, instance:io.swagger.codegen.CodegenConfigLoaderTest@76ff3813]" name="testLoadByFullQualifiedName" duration-ms="1" started-at="2015-10-09T23:15:39Z" data-provider="codegenConfig" finished-at="2015-10-09T23:15:39Z">
          <params>
            <param index="0">
              <value>
                <![CDATA[io.swagger.codegen.languages.AndroidClientCodegen@10070863]]>
              </value>
            </param>
          </params>
          <reporter-output>
          </reporter-output>
        </test-method> <!-- testLoadByFullQualifiedName -->
        <test-method status="PASS" signature="testLoadByFullQualifiedName(io.swagger.codegen.CodegenConfig)[pri:0, instance:io.swagger.codegen.CodegenConfigLoaderTest@76ff3813]" name="testLoadByFullQualifiedName" duration-ms="1" started-at="2015-10-09T23:15:39Z" data-provider="codegenConfig" finished-at="2015-10-09T23:15:39Z">
          <params>
            <param index="0">
              <value>
                <![CDATA[io.swagger.codegen.languages.CSharpClientCodegen@3db7a3cd]]>
              </value>
            </param>
          </params>
          <reporter-output>
          </reporter-output>
        </test-method> <!-- testLoadByFullQualifiedName -->
        <test-method status="PASS" signature="testLoadByFullQualifiedName(io.swagger.codegen.CodegenConfig)[pri:0, instance:io.swagger.codegen.CodegenConfigLoaderTest@76ff3813]" name="testLoadByFullQualifiedName" duration-ms="2" started-at="2015-10-09T23:15:39Z" data-provider="codegenConfig" finished-at="2015-10-09T23:15:39Z">
          <params>
            <param index="0">
              <value>
                <![CDATA[io.swagger.codegen.languages.Qt5CPPGenerator@63630762]]>
              </value>
            </param>
          </params>
          <reporter-output>
          </reporter-output>
        </test-method> <!-- testLoadByFullQualifiedName -->
        <test-method status="PASS" signature="testLoadByFullQualifiedName(io.swagger.codegen.CodegenConfig)[pri:0, instance:io.swagger.codegen.CodegenConfigLoaderTest@76ff3813]" name="testLoadByFullQualifiedName" duration-ms="3" started-at="2015-10-09T23:15:39Z" data-provider="codegenConfig" finished-at="2015-10-09T23:15:39Z">
          <params>
            <param index="0">
              <value>
                <![CDATA[io.swagger.codegen.languages.ObjcClientCodegen@7a79e5e7]]>
              </value>
            </param>
          </params>
          <reporter-output>
          </reporter-output>
        </test-method> <!-- testLoadByFullQualifiedName -->
        <test-method status="PASS" signature="testLoadByFullQualifiedName(io.swagger.codegen.CodegenConfig)[pri:0, instance:io.swagger.codegen.CodegenConfigLoaderTest@76ff3813]" name="testLoadByFullQualifiedName" duration-ms="2" started-at="2015-10-09T23:15:39Z" data-provider="codegenConfig" finished-at="2015-10-09T23:15:39Z">
          <params>
            <param index="0">
              <value>
                <![CDATA[io.swagger.codegen.languages.JavaClientCodegen@58e4df82]]>
              </value>
            </param>
          </params>
          <reporter-output>
          </reporter-output>
        </test-method> <!-- testLoadByFullQualifiedName -->
        <test-method status="PASS" signature="testLoadByFullQualifiedName(io.swagger.codegen.CodegenConfig)[pri:0, instance:io.swagger.codegen.CodegenConfigLoaderTest@76ff3813]" name="testLoadByFullQualifiedName" duration-ms="1" started-at="2015-10-09T23:15:39Z" data-provider="codegenConfig" finished-at="2015-10-09T23:15:39Z">
          <params>
            <param index="0">
              <value>
                <![CDATA[io.swagger.codegen.languages.PerlClientCodegen@1a0dfd66]]>
              </value>
            </param>
          </params>
          <reporter-output>
          </reporter-output>
        </test-method> <!-- testLoadByFullQualifiedName -->
        <test-method status="PASS" signature="testLoadByFullQualifiedName(io.swagger.codegen.CodegenConfig)[pri:0, instance:io.swagger.codegen.CodegenConfigLoaderTest@76ff3813]" name="testLoadByFullQualifiedName" duration-ms="2" started-at="2015-10-09T23:15:39Z" data-provider="codegenConfig" finished-at="2015-10-09T23:15:39Z">
          <params>
            <param index="0">
              <value>
                <![CDATA[io.swagger.codegen.languages.AkkaScalaClientCodegen@c7740e7]]>
              </value>
            </param>
          </params>
          <reporter-output>
          </reporter-output>
        </test-method> <!-- testLoadByFullQualifiedName -->
        <test-method status="PASS" signature="testLoadByFullQualifiedName(io.swagger.codegen.CodegenConfig)[pri:0, instance:io.swagger.codegen.CodegenConfigLoaderTest@76ff3813]" name="testLoadByFullQualifiedName" duration-ms="8" started-at="2015-10-09T23:15:39Z" data-provider="codegenConfig" finished-at="2015-10-09T23:15:39Z">
          <params>
            <param index="0">
              <value>
                <![CDATA[io.swagger.codegen.languages.JavaInflectorServerCodegen@69460415]]>
              </value>
            </param>
          </params>
          <reporter-output>
          </reporter-output>
        </test-method> <!-- testLoadByFullQualifiedName -->
        <test-method status="PASS" signature="testLoadByFullQualifiedName(io.swagger.codegen.CodegenConfig)[pri:0, instance:io.swagger.codegen.CodegenConfigLoaderTest@76ff3813]" name="testLoadByFullQualifiedName" duration-ms="2" started-at="2015-10-09T23:15:39Z" data-provider="codegenConfig" finished-at="2015-10-09T23:15:39Z">
          <params>
            <param index="0">
              <value>
                <![CDATA[io.swagger.codegen.languages.RubyClientCodegen@73b634b1]]>
              </value>
            </param>
          </params>
          <reporter-output>
          </reporter-output>
        </test-method> <!-- testLoadByFullQualifiedName -->
        <test-method status="PASS" signature="testLoadByFullQualifiedName(io.swagger.codegen.CodegenConfig)[pri:0, instance:io.swagger.codegen.CodegenConfigLoaderTest@76ff3813]" name="testLoadByFullQualifiedName" duration-ms="1" started-at="2015-10-09T23:15:39Z" data-provider="codegenConfig" finished-at="2015-10-09T23:15:39Z">
          <params>
            <param index="0">
              <value>
                <![CDATA[io.swagger.codegen.languages.TypeScriptAngularClientCodegen@3f3d8bd0]]>
              </value>
            </param>
          </params>
          <reporter-output>
          </reporter-output>
        </test-method> <!-- testLoadByFullQualifiedName -->
        <test-method status="PASS" signature="testLoadByFullQualifiedName(io.swagger.codegen.CodegenConfig)[pri:0, instance:io.swagger.codegen.CodegenConfigLoaderTest@76ff3813]" name="testLoadByFullQualifiedName" duration-ms="2" started-at="2015-10-09T23:15:39Z" data-provider="codegenConfig" finished-at="2015-10-09T23:15:39Z">
          <params>
            <param index="0">
              <value>
                <![CDATA[io.swagger.codegen.languages.StaticDocCodegen@61a6251f]]>
              </value>
            </param>
          </params>
          <reporter-output>
          </reporter-output>
        </test-method> <!-- testLoadByFullQualifiedName -->
        <test-method status="PASS" signature="testLoadByFullQualifiedName(io.swagger.codegen.CodegenConfig)[pri:0, instance:io.swagger.codegen.CodegenConfigLoaderTest@76ff3813]" name="testLoadByFullQualifiedName" duration-ms="1" started-at="2015-10-09T23:15:39Z" data-provider="codegenConfig" finished-at="2015-10-09T23:15:39Z">
          <params>
            <param index="0">
              <value>
                <![CDATA[io.swagger.codegen.languages.CsharpDotNet2ClientCodegen@62cf484e]]>
              </value>
            </param>
          </params>
          <reporter-output>
          </reporter-output>
        </test-method> <!-- testLoadByFullQualifiedName -->
        <test-method status="PASS" signature="testLoadByFullQualifiedName(io.swagger.codegen.CodegenConfig)[pri:0, instance:io.swagger.codegen.CodegenConfigLoaderTest@76ff3813]" name="testLoadByFullQualifiedName" duration-ms="1" started-at="2015-10-09T23:15:39Z" data-provider="codegenConfig" finished-at="2015-10-09T23:15:39Z">
          <params>
            <param index="0">
              <value>
                <![CDATA[io.swagger.codegen.languages.SinatraServerCodegen@16942b90]]>
              </value>
            </param>
          </params>
          <reporter-output>
          </reporter-output>
        </test-method> <!-- testLoadByFullQualifiedName -->
        <test-method status="PASS" signature="testLoadByFullQualifiedName(io.swagger.codegen.CodegenConfig)[pri:0, instance:io.swagger.codegen.CodegenConfigLoaderTest@76ff3813]" name="testLoadByFullQualifiedName" duration-ms="1" started-at="2015-10-09T23:15:39Z" data-provider="codegenConfig" finished-at="2015-10-09T23:15:39Z">
          <params>
            <param index="0">
              <value>
                <![CDATA[io.swagger.codegen.languages.SwiftCodegen@59b80684]]>
              </value>
            </param>
          </params>
          <reporter-output>
          </reporter-output>
        </test-method> <!-- testLoadByFullQualifiedName -->
        <test-method status="PASS" signature="testLoadByName(io.swagger.codegen.CodegenConfig)[pri:0, instance:io.swagger.codegen.CodegenConfigLoaderTest@76ff3813]" name="testLoadByName" duration-ms="1" started-at="2015-10-09T23:15:39Z" data-provider="codegenConfig" finished-at="2015-10-09T23:15:39Z">
          <params>
            <param index="0">
              <value>
                <![CDATA[io.swagger.codegen.languages.JaxRSServerCodegen@40b3f220]]>
              </value>
            </param>
          </params>
          <reporter-output>
          </reporter-output>
        </test-method> <!-- testLoadByName -->
        <test-method status="PASS" signature="testLoadByName(io.swagger.codegen.CodegenConfig)[pri:0, instance:io.swagger.codegen.CodegenConfigLoaderTest@76ff3813]" name="testLoadByName" duration-ms="2" started-at="2015-10-09T23:15:39Z" data-provider="codegenConfig" finished-at="2015-10-09T23:15:39Z">
          <params>
            <param index="0">
              <value>
                <![CDATA[io.swagger.codegen.languages.SwaggerGenerator@65dd340f]]>
              </value>
            </param>
          </params>
          <reporter-output>
          </reporter-output>
        </test-method> <!-- testLoadByName -->
        <test-method status="PASS" signature="testLoadByName(io.swagger.codegen.CodegenConfig)[pri:0, instance:io.swagger.codegen.CodegenConfigLoaderTest@76ff3813]" name="testLoadByName" duration-ms="0" started-at="2015-10-09T23:15:39Z" data-provider="codegenConfig" finished-at="2015-10-09T23:15:39Z">
          <params>
            <param index="0">
              <value>
                <![CDATA[io.swagger.codegen.languages.PhpClientCodegen@1d84f908]]>
              </value>
            </param>
          </params>
          <reporter-output>
          </reporter-output>
        </test-method> <!-- testLoadByName -->
        <test-method status="PASS" signature="testLoadByName(io.swagger.codegen.CodegenConfig)[pri:0, instance:io.swagger.codegen.CodegenConfigLoaderTest@76ff3813]" name="testLoadByName" duration-ms="1" started-at="2015-10-09T23:15:39Z" data-provider="codegenConfig" finished-at="2015-10-09T23:15:39Z">
          <params>
            <param index="0">
              <value>
                <![CDATA[io.swagger.codegen.languages.TypeScriptNodeClientCodegen@4f98b5c]]>
              </value>
            </param>
          </params>
          <reporter-output>
          </reporter-output>
        </test-method> <!-- testLoadByName -->
        <test-method status="PASS" signature="testLoadByName(io.swagger.codegen.CodegenConfig)[pri:0, instance:io.swagger.codegen.CodegenConfigLoaderTest@76ff3813]" name="testLoadByName" duration-ms="1" started-at="2015-10-09T23:15:39Z" data-provider="codegenConfig" finished-at="2015-10-09T23:15:39Z">
          <params>
            <param index="0">
              <value>
                <![CDATA[io.swagger.codegen.languages.TizenClientCodegen@1b2c4791]]>
              </value>
            </param>
          </params>
          <reporter-output>
          </reporter-output>
        </test-method> <!-- testLoadByName -->
        <test-method status="PASS" signature="testLoadByName(io.swagger.codegen.CodegenConfig)[pri:0, instance:io.swagger.codegen.CodegenConfigLoaderTest@76ff3813]" name="testLoadByName" duration-ms="1" started-at="2015-10-09T23:15:39Z" data-provider="codegenConfig" finished-at="2015-10-09T23:15:39Z">
          <params>
            <param index="0">
              <value>
                <![CDATA[io.swagger.codegen.languages.SwaggerYamlGenerator@780e8e86]]>
              </value>
            </param>
          </params>
          <reporter-output>
          </reporter-output>
        </test-method> <!-- testLoadByName -->
        <test-method status="PASS" signature="testLoadByName(io.swagger.codegen.CodegenConfig)[pri:0, instance:io.swagger.codegen.CodegenConfigLoaderTest@76ff3813]" name="testLoadByName" duration-ms="1" started-at="2015-10-09T23:15:39Z" data-provider="codegenConfig" finished-at="2015-10-09T23:15:39Z">
          <params>
            <param index="0">
              <value>
                <![CDATA[io.swagger.codegen.languages.StaticHtmlGenerator@3af3cfe]]>
              </value>
            </param>
          </params>
          <reporter-output>
          </reporter-output>
        </test-method> <!-- testLoadByName -->
        <test-method status="PASS" signature="testLoadByName(io.swagger.codegen.CodegenConfig)[pri:0, instance:io.swagger.codegen.CodegenConfigLoaderTest@76ff3813]" name="testLoadByName" duration-ms="0" started-at="2015-10-09T23:15:39Z" data-provider="codegenConfig" finished-at="2015-10-09T23:15:39Z">
          <params>
            <param index="0">
              <value>
                <![CDATA[io.swagger.codegen.languages.SilexServerCodegen@65cd4995]]>
              </value>
            </param>
          </params>
          <reporter-output>
          </reporter-output>
        </test-method> <!-- testLoadByName -->
        <test-method status="PASS" signature="testLoadByName(io.swagger.codegen.CodegenConfig)[pri:0, instance:io.swagger.codegen.CodegenConfigLoaderTest@76ff3813]" name="testLoadByName" duration-ms="0" started-at="2015-10-09T23:15:39Z" data-provider="codegenConfig" finished-at="2015-10-09T23:15:39Z">
          <params>
            <param index="0">
              <value>
                <![CDATA[io.swagger.codegen.languages.AsyncScalaClientCodegen@38e0128f]]>
              </value>
            </param>
          </params>
          <reporter-output>
          </reporter-output>
        </test-method> <!-- testLoadByName -->
        <test-method status="PASS" signature="testLoadByName(io.swagger.codegen.CodegenConfig)[pri:0, instance:io.swagger.codegen.CodegenConfigLoaderTest@76ff3813]" name="testLoadByName" duration-ms="0" started-at="2015-10-09T23:15:39Z" data-provider="codegenConfig" finished-at="2015-10-09T23:15:39Z">
          <params>
            <param index="0">
              <value>
                <![CDATA[io.swagger.codegen.languages.FlashClientCodegen@89a096a]]>
              </value>
            </param>
          </params>
          <reporter-output>
          </reporter-output>
        </test-method> <!-- testLoadByName -->
        <test-method status="PASS" signature="testLoadByName(io.swagger.codegen.CodegenConfig)[pri:0, instance:io.swagger.codegen.CodegenConfigLoaderTest@76ff3813]" name="testLoadByName" duration-ms="0" started-at="2015-10-09T23:15:39Z" data-provider="codegenConfig" finished-at="2015-10-09T23:15:39Z">
          <params>
            <param index="0">
              <value>
                <![CDATA[io.swagger.codegen.languages.ScalatraServerCodegen@7ee28774]]>
              </value>
            </param>
          </params>
          <reporter-output>
          </reporter-output>
        </test-method> <!-- testLoadByName -->
        <test-method status="PASS" signature="testLoadByName(io.swagger.codegen.CodegenConfig)[pri:0, instance:io.swagger.codegen.CodegenConfigLoaderTest@76ff3813]" name="testLoadByName" duration-ms="1" started-at="2015-10-09T23:15:39Z" data-provider="codegenConfig" finished-at="2015-10-09T23:15:39Z">
          <params>
            <param index="0">
              <value>
                <![CDATA[io.swagger.codegen.languages.SpringMVCServerCodegen@4a2b11c0]]>
              </value>
            </param>
          </params>
          <reporter-output>
          </reporter-output>
        </test-method> <!-- testLoadByName -->
        <test-method status="PASS" signature="testLoadByName(io.swagger.codegen.CodegenConfig)[pri:0, instance:io.swagger.codegen.CodegenConfigLoaderTest@76ff3813]" name="testLoadByName" duration-ms="1" started-at="2015-10-09T23:15:39Z" data-provider="codegenConfig" finished-at="2015-10-09T23:15:39Z">
          <params>
            <param index="0">
              <value>
                <![CDATA[io.swagger.codegen.languages.ScalaClientCodegen@519a7a4a]]>
              </value>
            </param>
          </params>
          <reporter-output>
          </reporter-output>
        </test-method> <!-- testLoadByName -->
        <test-method status="PASS" signature="testLoadByName(io.swagger.codegen.CodegenConfig)[pri:0, instance:io.swagger.codegen.CodegenConfigLoaderTest@76ff3813]" name="testLoadByName" duration-ms="0" started-at="2015-10-09T23:15:39Z" data-provider="codegenConfig" finished-at="2015-10-09T23:15:39Z">
          <params>
            <param index="0">
              <value>
                <![CDATA[io.swagger.codegen.languages.NodeJSServerCodegen@74d2ba20]]>
              </value>
            </param>
          </params>
          <reporter-output>
          </reporter-output>
        </test-method> <!-- testLoadByName -->
        <test-method status="PASS" signature="testLoadByName(io.swagger.codegen.CodegenConfig)[pri:0, instance:io.swagger.codegen.CodegenConfigLoaderTest@76ff3813]" name="testLoadByName" duration-ms="0" started-at="2015-10-09T23:15:39Z" data-provider="codegenConfig" finished-at="2015-10-09T23:15:39Z">
          <params>
            <param index="0">
              <value>
                <![CDATA[io.swagger.codegen.languages.PythonClientCodegen@36b9c6cb]]>
              </value>
            </param>
          </params>
          <reporter-output>
          </reporter-output>
        </test-method> <!-- testLoadByName -->
        <test-method status="PASS" signature="testLoadByName(io.swagger.codegen.CodegenConfig)[pri:0, instance:io.swagger.codegen.CodegenConfigLoaderTest@76ff3813]" name="testLoadByName" duration-ms="0" started-at="2015-10-09T23:15:39Z" data-provider="codegenConfig" finished-at="2015-10-09T23:15:39Z">
          <params>
            <param index="0">
              <value>
                <![CDATA[io.swagger.codegen.languages.DartClientCodegen@5eaa557e]]>
              </value>
            </param>
          </params>
          <reporter-output>
          </reporter-output>
        </test-method> <!-- testLoadByName -->
        <test-method status="PASS" signature="testLoadByName(io.swagger.codegen.CodegenConfig)[pri:0, instance:io.swagger.codegen.CodegenConfigLoaderTest@76ff3813]" name="testLoadByName" duration-ms="0" started-at="2015-10-09T23:15:39Z" data-provider="codegenConfig" finished-at="2015-10-09T23:15:39Z">
          <params>
            <param index="0">
              <value>
                <![CDATA[io.swagger.codegen.languages.AndroidClientCodegen@d2f3c0]]>
              </value>
            </param>
          </params>
          <reporter-output>
          </reporter-output>
        </test-method> <!-- testLoadByName -->
        <test-method status="PASS" signature="testLoadByName(io.swagger.codegen.CodegenConfig)[pri:0, instance:io.swagger.codegen.CodegenConfigLoaderTest@76ff3813]" name="testLoadByName" duration-ms="1" started-at="2015-10-09T23:15:39Z" data-provider="codegenConfig" finished-at="2015-10-09T23:15:39Z">
          <params>
            <param index="0">
              <value>
                <![CDATA[io.swagger.codegen.languages.CSharpClientCodegen@1980c2ac]]>
              </value>
            </param>
          </params>
          <reporter-output>
          </reporter-output>
        </test-method> <!-- testLoadByName -->
        <test-method status="PASS" signature="testLoadByName(io.swagger.codegen.CodegenConfig)[pri:0, instance:io.swagger.codegen.CodegenConfigLoaderTest@76ff3813]" name="testLoadByName" duration-ms="1" started-at="2015-10-09T23:15:39Z" data-provider="codegenConfig" finished-at="2015-10-09T23:15:39Z">
          <params>
            <param index="0">
              <value>
                <![CDATA[io.swagger.codegen.languages.Qt5CPPGenerator@546cb748]]>
              </value>
            </param>
          </params>
          <reporter-output>
          </reporter-output>
        </test-method> <!-- testLoadByName -->
        <test-method status="PASS" signature="testLoadByName(io.swagger.codegen.CodegenConfig)[pri:0, instance:io.swagger.codegen.CodegenConfigLoaderTest@76ff3813]" name="testLoadByName" duration-ms="0" started-at="2015-10-09T23:15:39Z" data-provider="codegenConfig" finished-at="2015-10-09T23:15:39Z">
          <params>
            <param index="0">
              <value>
                <![CDATA[io.swagger.codegen.languages.ObjcClientCodegen@2d750345]]>
              </value>
            </param>
          </params>
          <reporter-output>
          </reporter-output>
        </test-method> <!-- testLoadByName -->
        <test-method status="PASS" signature="testLoadByName(io.swagger.codegen.CodegenConfig)[pri:0, instance:io.swagger.codegen.CodegenConfigLoaderTest@76ff3813]" name="testLoadByName" duration-ms="1" started-at="2015-10-09T23:15:39Z" data-provider="codegenConfig" finished-at="2015-10-09T23:15:39Z">
          <params>
            <param index="0">
              <value>
                <![CDATA[io.swagger.codegen.languages.PerlClientCodegen@5f8e6aed]]>
              </value>
            </param>
          </params>
          <reporter-output>
          </reporter-output>
        </test-method> <!-- testLoadByName -->
        <test-method status="PASS" signature="testLoadByName(io.swagger.codegen.CodegenConfig)[pri:0, instance:io.swagger.codegen.CodegenConfigLoaderTest@76ff3813]" name="testLoadByName" duration-ms="0" started-at="2015-10-09T23:15:39Z" data-provider="codegenConfig" finished-at="2015-10-09T23:15:39Z">
          <params>
            <param index="0">
              <value>
                <![CDATA[io.swagger.codegen.languages.JavaClientCodegen@5d29be53]]>
              </value>
            </param>
          </params>
          <reporter-output>
          </reporter-output>
        </test-method> <!-- testLoadByName -->
        <test-method status="PASS" signature="testLoadByName(io.swagger.codegen.CodegenConfig)[pri:0, instance:io.swagger.codegen.CodegenConfigLoaderTest@76ff3813]" name="testLoadByName" duration-ms="1" started-at="2015-10-09T23:15:39Z" data-provider="codegenConfig" finished-at="2015-10-09T23:15:39Z">
          <params>
            <param index="0">
              <value>
                <![CDATA[io.swagger.codegen.languages.AkkaScalaClientCodegen@7f0e1e9d]]>
              </value>
            </param>
          </params>
          <reporter-output>
          </reporter-output>
        </test-method> <!-- testLoadByName -->
        <test-method status="PASS" signature="testLoadByName(io.swagger.codegen.CodegenConfig)[pri:0, instance:io.swagger.codegen.CodegenConfigLoaderTest@76ff3813]" name="testLoadByName" duration-ms="1" started-at="2015-10-09T23:15:39Z" data-provider="codegenConfig" finished-at="2015-10-09T23:15:39Z">
          <params>
            <param index="0">
              <value>
                <![CDATA[io.swagger.codegen.languages.JavaInflectorServerCodegen@77fc1695]]>
              </value>
            </param>
          </params>
          <reporter-output>
          </reporter-output>
        </test-method> <!-- testLoadByName -->
        <test-method status="PASS" signature="testLoadByName(io.swagger.codegen.CodegenConfig)[pri:0, instance:io.swagger.codegen.CodegenConfigLoaderTest@76ff3813]" name="testLoadByName" duration-ms="1" started-at="2015-10-09T23:15:39Z" data-provider="codegenConfig" finished-at="2015-10-09T23:15:39Z">
          <params>
            <param index="0">
              <value>
                <![CDATA[io.swagger.codegen.languages.RubyClientCodegen@472ecdbd]]>
              </value>
            </param>
          </params>
          <reporter-output>
          </reporter-output>
        </test-method> <!-- testLoadByName -->
        <test-method status="PASS" signature="testLoadByName(io.swagger.codegen.CodegenConfig)[pri:0, instance:io.swagger.codegen.CodegenConfigLoaderTest@76ff3813]" name="testLoadByName" duration-ms="1" started-at="2015-10-09T23:15:39Z" data-provider="codegenConfig" finished-at="2015-10-09T23:15:39Z">
          <params>
            <param index="0">
              <value>
                <![CDATA[io.swagger.codegen.languages.TypeScriptAngularClientCodegen@51c557cd]]>
              </value>
            </param>
          </params>
          <reporter-output>
          </reporter-output>
        </test-method> <!-- testLoadByName -->
        <test-method status="PASS" signature="testLoadByName(io.swagger.codegen.CodegenConfig)[pri:0, instance:io.swagger.codegen.CodegenConfigLoaderTest@76ff3813]" name="testLoadByName" duration-ms="1" started-at="2015-10-09T23:15:39Z" data-provider="codegenConfig" finished-at="2015-10-09T23:15:39Z">
          <params>
            <param index="0">
              <value>
                <![CDATA[io.swagger.codegen.languages.StaticDocCodegen@73077dab]]>
              </value>
            </param>
          </params>
          <reporter-output>
          </reporter-output>
        </test-method> <!-- testLoadByName -->
        <test-method status="PASS" signature="testLoadByName(io.swagger.codegen.CodegenConfig)[pri:0, instance:io.swagger.codegen.CodegenConfigLoaderTest@76ff3813]" name="testLoadByName" duration-ms="1" started-at="2015-10-09T23:15:39Z" data-provider="codegenConfig" finished-at="2015-10-09T23:15:39Z">
          <params>
            <param index="0">
              <value>
                <![CDATA[io.swagger.codegen.languages.CsharpDotNet2ClientCodegen@70cba08c]]>
              </value>
            </param>
          </params>
          <reporter-output>
          </reporter-output>
        </test-method> <!-- testLoadByName -->
        <test-method status="PASS" signature="testLoadByName(io.swagger.codegen.CodegenConfig)[pri:0, instance:io.swagger.codegen.CodegenConfigLoaderTest@76ff3813]" name="testLoadByName" duration-ms="0" started-at="2015-10-09T23:15:39Z" data-provider="codegenConfig" finished-at="2015-10-09T23:15:39Z">
          <params>
            <param index="0">
              <value>
                <![CDATA[io.swagger.codegen.languages.SinatraServerCodegen@4899812e]]>
              </value>
            </param>
          </params>
          <reporter-output>
          </reporter-output>
        </test-method> <!-- testLoadByName -->
        <test-method status="PASS" signature="testLoadByName(io.swagger.codegen.CodegenConfig)[pri:0, instance:io.swagger.codegen.CodegenConfigLoaderTest@76ff3813]" name="testLoadByName" duration-ms="1" started-at="2015-10-09T23:15:39Z" data-provider="codegenConfig" finished-at="2015-10-09T23:15:39Z">
          <params>
            <param index="0">
              <value>
                <![CDATA[io.swagger.codegen.languages.SwiftCodegen@55f0183e]]>
              </value>
            </param>
          </params>
          <reporter-output>
          </reporter-output>
        </test-method> <!-- testLoadByName -->
      </class> <!-- io.swagger.codegen.CodegenConfigLoaderTest -->
      <class name="io.swagger.codegen.scala.ScalaModelTest">
        <test-method status="PASS" signature="arrayModelTest()[pri:0, instance:io.swagger.codegen.scala.ScalaModelTest@5c05f93d]" name="arrayModelTest" duration-ms="1" started-at="2015-10-09T23:15:40Z" description="convert an array model" finished-at="2015-10-09T23:15:40Z">
          <reporter-output>
          </reporter-output>
        </test-method> <!-- arrayModelTest -->
        <test-method status="PASS" signature="complexListPropertyTest()[pri:0, instance:io.swagger.codegen.scala.ScalaModelTest@5c05f93d]" name="complexListPropertyTest" duration-ms="1" started-at="2015-10-09T23:15:40Z" description="convert a model with complex list property" finished-at="2015-10-09T23:15:40Z">
          <reporter-output>
          </reporter-output>
        </test-method> <!-- complexListPropertyTest -->
        <test-method status="PASS" signature="complexMapPropertyTest()[pri:0, instance:io.swagger.codegen.scala.ScalaModelTest@5c05f93d]" name="complexMapPropertyTest" duration-ms="2" started-at="2015-10-09T23:15:40Z" description="convert a model with complex map property" finished-at="2015-10-09T23:15:40Z">
          <reporter-output>
          </reporter-output>
        </test-method> <!-- complexMapPropertyTest -->
        <test-method status="PASS" signature="complexPropertyTest()[pri:0, instance:io.swagger.codegen.scala.ScalaModelTest@5c05f93d]" name="complexPropertyTest" duration-ms="1" started-at="2015-10-09T23:15:40Z" description="convert a model with complex properties" finished-at="2015-10-09T23:15:40Z">
          <reporter-output>
          </reporter-output>
        </test-method> <!-- complexPropertyTest -->
        <test-method status="PASS" signature="listPropertyTest()[pri:0, instance:io.swagger.codegen.scala.ScalaModelTest@5c05f93d]" name="listPropertyTest" duration-ms="1" started-at="2015-10-09T23:15:40Z" description="convert a model with list property" finished-at="2015-10-09T23:15:40Z">
          <reporter-output>
          </reporter-output>
        </test-method> <!-- listPropertyTest -->
        <test-method status="PASS" signature="mapModelTest()[pri:0, instance:io.swagger.codegen.scala.ScalaModelTest@5c05f93d]" name="mapModelTest" duration-ms="1" started-at="2015-10-09T23:15:40Z" description="convert an map model" finished-at="2015-10-09T23:15:40Z">
          <reporter-output>
          </reporter-output>
        </test-method> <!-- mapModelTest -->
        <test-method status="PASS" signature="mapPropertyTest()[pri:0, instance:io.swagger.codegen.scala.ScalaModelTest@5c05f93d]" name="mapPropertyTest" duration-ms="0" started-at="2015-10-09T23:15:40Z" description="convert a model with a map property" finished-at="2015-10-09T23:15:40Z">
          <reporter-output>
          </reporter-output>
        </test-method> <!-- mapPropertyTest -->
        <test-method status="PASS" signature="simpleModelTest()[pri:0, instance:io.swagger.codegen.scala.ScalaModelTest@5c05f93d]" name="simpleModelTest" duration-ms="1" started-at="2015-10-09T23:15:40Z" description="convert a simple scala model" finished-at="2015-10-09T23:15:40Z">
          <reporter-output>
          </reporter-output>
        </test-method> <!-- simpleModelTest -->
      </class> <!-- io.swagger.codegen.scala.ScalaModelTest -->
      <class name="io.swagger.codegen.DefaultGeneratorTest">
        <test-method status="PASS" signature="setUp()[pri:0, instance:io.swagger.codegen.DefaultGeneratorTest@30208678]" name="setUp" is-config="true" duration-ms="10" started-at="2015-10-09T23:15:40Z" finished-at="2015-10-09T23:15:40Z">
          <reporter-output>
          </reporter-output>
        </test-method> <!-- setUp -->
        <test-method status="PASS" signature="testSkipOverwrite()[pri:0, instance:io.swagger.codegen.DefaultGeneratorTest@30208678]" name="testSkipOverwrite" duration-ms="520" started-at="2015-10-09T23:15:40Z" finished-at="2015-10-09T23:15:40Z">
          <reporter-output>
          </reporter-output>
        </test-method> <!-- testSkipOverwrite -->
        <test-method status="PASS" signature="tearDown()[pri:0, instance:io.swagger.codegen.DefaultGeneratorTest@30208678]" name="tearDown" is-config="true" duration-ms="3" started-at="2015-10-09T23:15:40Z" finished-at="2015-10-09T23:15:40Z">
          <reporter-output>
          </reporter-output>
        </test-method> <!-- tearDown -->
      </class> <!-- io.swagger.codegen.DefaultGeneratorTest -->
      <class name="io.swagger.codegen.typescriptnode.TypeScriptNodeModelTest">
        <test-method status="PASS" signature="complexListPropertyTest()[pri:0, instance:io.swagger.codegen.typescriptnode.TypeScriptNodeModelTest@14ff9e23]" name="complexListPropertyTest" duration-ms="1" started-at="2015-10-09T23:15:41Z" description="convert a model with complex list property" finished-at="2015-10-09T23:15:41Z">
          <reporter-output>
          </reporter-output>
        </test-method> <!-- complexListPropertyTest -->
        <test-method status="PASS" signature="arrayModelTest()[pri:0, instance:io.swagger.codegen.typescriptnode.TypeScriptNodeModelTest@14ff9e23]" name="arrayModelTest" duration-ms="0" started-at="2015-10-09T23:15:41Z" description="convert an array model" finished-at="2015-10-09T23:15:41Z">
          <reporter-output>
          </reporter-output>
        </test-method> <!-- arrayModelTest -->
        <test-method status="PASS" signature="complexPropertyTest()[pri:0, instance:io.swagger.codegen.typescriptnode.TypeScriptNodeModelTest@14ff9e23]" name="complexPropertyTest" duration-ms="1" started-at="2015-10-09T23:15:41Z" description="convert a model with complex property" finished-at="2015-10-09T23:15:41Z">
          <reporter-output>
          </reporter-output>
        </test-method> <!-- complexPropertyTest -->
        <test-method status="PASS" signature="listPropertyTest()[pri:0, instance:io.swagger.codegen.typescriptnode.TypeScriptNodeModelTest@14ff9e23]" name="listPropertyTest" duration-ms="1" started-at="2015-10-09T23:15:41Z" description="convert a model with list property" finished-at="2015-10-09T23:15:41Z">
          <reporter-output>
          </reporter-output>
        </test-method> <!-- listPropertyTest -->
        <test-method status="PASS" signature="mapModelTest()[pri:0, instance:io.swagger.codegen.typescriptnode.TypeScriptNodeModelTest@14ff9e23]" name="mapModelTest" duration-ms="0" started-at="2015-10-09T23:15:41Z" description="convert a map model" finished-at="2015-10-09T23:15:41Z">
          <reporter-output>
          </reporter-output>
        </test-method> <!-- mapModelTest -->
        <test-method status="PASS" signature="simpleModelTest()[pri:0, instance:io.swagger.codegen.typescriptnode.TypeScriptNodeModelTest@14ff9e23]" name="simpleModelTest" duration-ms="0" started-at="2015-10-09T23:15:41Z" description="convert a simple TypeScript Node model" finished-at="2015-10-09T23:15:41Z">
          <reporter-output>
          </reporter-output>
        </test-method> <!-- simpleModelTest -->
      </class> <!-- io.swagger.codegen.typescriptnode.TypeScriptNodeModelTest -->
      <class name="io.swagger.codegen.java.JavaModelEnumTest">
        <test-method status="PASS" signature="converterTest()[pri:0, instance:io.swagger.codegen.java.JavaModelEnumTest@74607cd0]" name="converterTest" duration-ms="1" started-at="2015-10-09T23:15:40Z" description="convert a java model with an enum" finished-at="2015-10-09T23:15:40Z">
          <reporter-output>
          </reporter-output>
        </test-method> <!-- converterTest -->
        <test-method status="PASS" signature="overrideEnumTest()[pri:0, instance:io.swagger.codegen.java.JavaModelEnumTest@74607cd0]" name="overrideEnumTest" duration-ms="2" started-at="2015-10-09T23:15:40Z" description="not override identical parent enums" finished-at="2015-10-09T23:15:40Z">
          <reporter-output>
          </reporter-output>
        </test-method> <!-- overrideEnumTest -->
      </class> <!-- io.swagger.codegen.java.JavaModelEnumTest -->
      <class name="io.swagger.codegen.ClientAuthInputTest">
        <test-method status="PASS" signature="clientAuthInputTest()[pri:0, instance:io.swagger.codegen.ClientAuthInputTest@6f6dc3c9]" name="clientAuthInputTest" duration-ms="18" started-at="2015-10-09T23:15:39Z" description="read a file upload param from a 2.0 spec" finished-at="2015-10-09T23:15:39Z">
          <reporter-output>
          </reporter-output>
        </test-method> <!-- clientAuthInputTest -->
      </class> <!-- io.swagger.codegen.ClientAuthInputTest -->
      <class name="io.swagger.codegen.python.PythonTest">
        <test-method status="PASS" signature="modelTest()[pri:0, instance:io.swagger.codegen.python.PythonTest@740887b6]" name="modelTest" duration-ms="216" started-at="2015-10-09T23:15:40Z" description="convert a python model with dots" finished-at="2015-10-09T23:15:40Z">
          <reporter-output>
          </reporter-output>
        </test-method> <!-- modelTest -->
      </class> <!-- io.swagger.codegen.python.PythonTest -->
      <class name="io.swagger.codegen.java.JavaInheritanceTest">
        <test-method status="PASS" signature="javaInheritanceTest()[pri:0, instance:io.swagger.codegen.java.JavaInheritanceTest@eb0b978]" name="javaInheritanceTest" duration-ms="5" started-at="2015-10-09T23:15:40Z" description="convert a composed model" finished-at="2015-10-09T23:15:40Z">
          <reporter-output>
          </reporter-output>
        </test-method> <!-- javaInheritanceTest -->
      </class> <!-- io.swagger.codegen.java.JavaInheritanceTest -->
      <class name="io.swagger.codegen.SwaggerMigratorTest">
        <test-method status="PASS" signature="swaggerMigratorTest()[pri:0, instance:io.swagger.codegen.SwaggerMigratorTest@313037f1]" name="swaggerMigratorTest" duration-ms="113" started-at="2015-10-09T23:15:40Z" description="read a 1.2 spec" finished-at="2015-10-09T23:15:41Z">
          <reporter-output>
          </reporter-output>
        </test-method> <!-- swaggerMigratorTest -->
      </class> <!-- io.swagger.codegen.SwaggerMigratorTest -->
      <class name="io.swagger.codegen.typescriptangular.TypeScriptAngularModelTest">
        <test-method status="PASS" signature="arrayModelTest()[pri:0, instance:io.swagger.codegen.typescriptangular.TypeScriptAngularModelTest@54a8c871]" name="arrayModelTest" duration-ms="2" started-at="2015-10-09T23:15:41Z" description="convert an array model" finished-at="2015-10-09T23:15:41Z">
          <reporter-output>
          </reporter-output>
        </test-method> <!-- arrayModelTest -->
        <test-method status="PASS" signature="complexListPropertyTest()[pri:0, instance:io.swagger.codegen.typescriptangular.TypeScriptAngularModelTest@54a8c871]" name="complexListPropertyTest" duration-ms="1" started-at="2015-10-09T23:15:41Z" description="convert a model with complex list property" finished-at="2015-10-09T23:15:41Z">
          <reporter-output>
          </reporter-output>
        </test-method> <!-- complexListPropertyTest -->
        <test-method status="PASS" signature="complexPropertyTest()[pri:0, instance:io.swagger.codegen.typescriptangular.TypeScriptAngularModelTest@54a8c871]" name="complexPropertyTest" duration-ms="1" started-at="2015-10-09T23:15:41Z" description="convert a model with complex property" finished-at="2015-10-09T23:15:41Z">
          <reporter-output>
          </reporter-output>
        </test-method> <!-- complexPropertyTest -->
        <test-method status="PASS" signature="listPropertyTest()[pri:0, instance:io.swagger.codegen.typescriptangular.TypeScriptAngularModelTest@54a8c871]" name="listPropertyTest" duration-ms="1" started-at="2015-10-09T23:15:41Z" description="convert a model with list property" finished-at="2015-10-09T23:15:41Z">
          <reporter-output>
          </reporter-output>
        </test-method> <!-- listPropertyTest -->
        <test-method status="PASS" signature="mapModelTest()[pri:0, instance:io.swagger.codegen.typescriptangular.TypeScriptAngularModelTest@54a8c871]" name="mapModelTest" duration-ms="0" started-at="2015-10-09T23:15:41Z" description="convert a map model" finished-at="2015-10-09T23:15:41Z">
          <reporter-output>
          </reporter-output>
        </test-method> <!-- mapModelTest -->
        <test-method status="PASS" signature="simpleModelTest()[pri:0, instance:io.swagger.codegen.typescriptangular.TypeScriptAngularModelTest@54a8c871]" name="simpleModelTest" duration-ms="0" started-at="2015-10-09T23:15:41Z" description="convert a simple TypeScript Angular model" finished-at="2015-10-09T23:15:41Z">
          <reporter-output>
          </reporter-output>
        </test-method> <!-- simpleModelTest -->
      </class> <!-- io.swagger.codegen.typescriptangular.TypeScriptAngularModelTest -->
      <class name="io.swagger.codegen.objc.ObjcModelTest">
        <test-method status="PASS" signature="arrayModelTest()[pri:0, instance:io.swagger.codegen.objc.ObjcModelTest@a44e906]" name="arrayModelTest" duration-ms="2" started-at="2015-10-09T23:15:40Z" description="convert an array model" finished-at="2015-10-09T23:15:40Z">
          <reporter-output>
          </reporter-output>
        </test-method> <!-- arrayModelTest -->
        <test-method status="PASS" signature="complexListPropertyTest()[pri:0, instance:io.swagger.codegen.objc.ObjcModelTest@a44e906]" name="complexListPropertyTest" duration-ms="1" started-at="2015-10-09T23:15:40Z" description="convert a model with complex list property" finished-at="2015-10-09T23:15:40Z">
          <reporter-output>
          </reporter-output>
        </test-method> <!-- complexListPropertyTest -->
        <test-method status="PASS" signature="complexMapPropertyTest()[pri:0, instance:io.swagger.codegen.objc.ObjcModelTest@a44e906]" name="complexMapPropertyTest" duration-ms="1" started-at="2015-10-09T23:15:40Z" description="convert a model with complex map property" finished-at="2015-10-09T23:15:40Z">
          <reporter-output>
          </reporter-output>
        </test-method> <!-- complexMapPropertyTest -->
        <test-method status="PASS" signature="complexPropertyTest()[pri:0, instance:io.swagger.codegen.objc.ObjcModelTest@a44e906]" name="complexPropertyTest" duration-ms="0" started-at="2015-10-09T23:15:40Z" description="convert a model with complex property" finished-at="2015-10-09T23:15:40Z">
          <reporter-output>
          </reporter-output>
        </test-method> <!-- complexPropertyTest -->
        <test-method status="PASS" signature="issue316Test()[pri:0, instance:io.swagger.codegen.objc.ObjcModelTest@a44e906]" name="issue316Test" duration-ms="5" started-at="2015-10-09T23:15:40Z" description="create proper imports per #316" finished-at="2015-10-09T23:15:40Z">
          <reporter-output>
          </reporter-output>
        </test-method> <!-- issue316Test -->
        <test-method status="PASS" signature="listPropertyTest()[pri:0, instance:io.swagger.codegen.objc.ObjcModelTest@a44e906]" name="listPropertyTest" duration-ms="1" started-at="2015-10-09T23:15:40Z" description="convert a model with list property" finished-at="2015-10-09T23:15:40Z">
          <reporter-output>
          </reporter-output>
        </test-method> <!-- listPropertyTest -->
        <test-method status="PASS" signature="mapModelTest()[pri:0, instance:io.swagger.codegen.objc.ObjcModelTest@a44e906]" name="mapModelTest" duration-ms="1" started-at="2015-10-09T23:15:40Z" description="convert an map model" finished-at="2015-10-09T23:15:40Z">
          <reporter-output>
          </reporter-output>
        </test-method> <!-- mapModelTest -->
        <test-method status="PASS" signature="mapPropertyTest()[pri:0, instance:io.swagger.codegen.objc.ObjcModelTest@a44e906]" name="mapPropertyTest" duration-ms="1" started-at="2015-10-09T23:15:40Z" description="convert a model with a map property" finished-at="2015-10-09T23:15:40Z">
          <reporter-output>
          </reporter-output>
        </test-method> <!-- mapPropertyTest -->
        <test-method status="PASS" signature="simpleModelTest()[pri:0, instance:io.swagger.codegen.objc.ObjcModelTest@a44e906]" name="simpleModelTest" duration-ms="1" started-at="2015-10-09T23:15:40Z" description="convert a simple java model" finished-at="2015-10-09T23:15:40Z">
          <reporter-output>
          </reporter-output>
        </test-method> <!-- simpleModelTest -->
      </class> <!-- io.swagger.codegen.objc.ObjcModelTest -->
      <class name="io.swagger.codegen.CodegenTest">
        <test-method status="PASS" signature="binaryDataTest()[pri:0, instance:io.swagger.codegen.CodegenTest@6dbaa46d]" name="binaryDataTest" duration-ms="361" started-at="2015-10-09T23:15:39Z" description="return byte array when response format is byte" finished-at="2015-10-09T23:15:39Z">
          <reporter-output>
          </reporter-output>
        </test-method> <!-- binaryDataTest -->
        <test-method status="PASS" signature="fileUploadParamTest()[pri:0, instance:io.swagger.codegen.CodegenTest@6dbaa46d]" name="fileUploadParamTest" duration-ms="88" started-at="2015-10-09T23:15:39Z" description="read a file upload param from a 2.0 spec" finished-at="2015-10-09T23:15:39Z">
          <reporter-output>
          </reporter-output>
        </test-method> <!-- fileUploadParamTest -->
        <test-method status="PASS" signature="formParamTest()[pri:0, instance:io.swagger.codegen.CodegenTest@6dbaa46d]" name="formParamTest" duration-ms="15" started-at="2015-10-09T23:15:39Z" description="read formParam values from a 2.0 spec" finished-at="2015-10-09T23:15:39Z">
          <reporter-output>
          </reporter-output>
        </test-method> <!-- formParamTest -->
        <test-method status="PASS" signature="requiredParametersTest()[pri:0, instance:io.swagger.codegen.CodegenTest@6dbaa46d]" name="requiredParametersTest" duration-ms="14" started-at="2015-10-09T23:15:39Z" description="handle required parameters from a 2.0 spec as required when figuring out Swagger types" finished-at="2015-10-09T23:15:39Z">
          <reporter-output>
          </reporter-output>
        </test-method> <!-- requiredParametersTest -->
        <test-method status="PASS" signature="responseSelectionTest1()[pri:0, instance:io.swagger.codegen.CodegenTest@6dbaa46d]" name="responseSelectionTest1" duration-ms="14" started-at="2015-10-09T23:15:39Z" description="select main response from a 2.0 spec using the lowest 2XX code" finished-at="2015-10-09T23:15:39Z">
          <reporter-output>
          </reporter-output>
        </test-method> <!-- responseSelectionTest1 -->
        <test-method status="PASS" signature="responseSelectionTest2()[pri:0, instance:io.swagger.codegen.CodegenTest@6dbaa46d]" name="responseSelectionTest2" duration-ms="7" started-at="2015-10-09T23:15:39Z" description="select main response from a 2.0 spec using the default keyword when no 2XX code" finished-at="2015-10-09T23:15:39Z">
          <reporter-output>
          </reporter-output>
        </test-method> <!-- responseSelectionTest2 -->
      </class> <!-- io.swagger.codegen.CodegenTest -->
      <class name="io.swagger.codegen.ExampleGeneratorTest">
        <test-method status="PASS" signature="recursiveModelsTest()[pri:0, instance:io.swagger.codegen.ExampleGeneratorTest@2134c210]" name="recursiveModelsTest" duration-ms="15" started-at="2015-10-09T23:15:40Z" description="check handling of recursive models" finished-at="2015-10-09T23:15:40Z">
          <reporter-output>
          </reporter-output>
        </test-method> <!-- recursiveModelsTest -->
      </class> <!-- io.swagger.codegen.ExampleGeneratorTest -->
      <class name="io.swagger.codegen.java.JavaModelTest">
        <test-method status="PASS" signature="arrayModelTest()[pri:0, instance:io.swagger.codegen.java.JavaModelTest@6aa27760]" name="arrayModelTest" duration-ms="3" started-at="2015-10-09T23:15:40Z" description="convert an array model" finished-at="2015-10-09T23:15:40Z">
          <reporter-output>
          </reporter-output>
        </test-method> <!-- arrayModelTest -->
        <test-method status="PASS" signature="binaryDataTest()[pri:0, instance:io.swagger.codegen.java.JavaModelTest@6aa27760]" name="binaryDataTest" duration-ms="1" started-at="2015-10-09T23:15:40Z" description="convert a model with binary data" finished-at="2015-10-09T23:15:40Z">
          <reporter-output>
          </reporter-output>
        </test-method> <!-- binaryDataTest -->
        <test-method status="PASS" signature="complexListPropertyTest()[pri:0, instance:io.swagger.codegen.java.JavaModelTest@6aa27760]" name="complexListPropertyTest" duration-ms="2" started-at="2015-10-09T23:15:40Z" description="convert a model with complex list property" finished-at="2015-10-09T23:15:40Z">
          <reporter-output>
          </reporter-output>
        </test-method> <!-- complexListPropertyTest -->
        <test-method status="PASS" signature="complexMapPropertyTest()[pri:0, instance:io.swagger.codegen.java.JavaModelTest@6aa27760]" name="complexMapPropertyTest" duration-ms="2" started-at="2015-10-09T23:15:40Z" description="convert a model with complex map property" finished-at="2015-10-09T23:15:40Z">
          <reporter-output>
          </reporter-output>
        </test-method> <!-- complexMapPropertyTest -->
        <test-method status="PASS" signature="complexPropertiesTest()[pri:0, instance:io.swagger.codegen.java.JavaModelTest@6aa27760]" name="complexPropertiesTest" duration-ms="1" started-at="2015-10-09T23:15:40Z" description="convert a model with complex properties" finished-at="2015-10-09T23:15:40Z">
          <reporter-output>
          </reporter-output>
        </test-method> <!-- complexPropertiesTest -->
        <test-method status="PASS" signature="convertParameterTest()[pri:0, instance:io.swagger.codegen.java.JavaModelTest@6aa27760]" name="convertParameterTest" duration-ms="1" started-at="2015-10-09T23:15:40Z" description="convert a parameter" finished-at="2015-10-09T23:15:40Z">
          <reporter-output>
          </reporter-output>
        </test-method> <!-- convertParameterTest -->
        <test-method status="PASS" signature="escapeNamesTest()[pri:0, instance:io.swagger.codegen.java.JavaModelTest@6aa27760]" name="escapeNamesTest" duration-ms="1" started-at="2015-10-09T23:15:40Z" description="properly escape names per 567" finished-at="2015-10-09T23:15:40Z">
          <reporter-output>
          </reporter-output>
        </test-method> <!-- escapeNamesTest -->
        <test-method status="PASS" signature="hyphensTest()[pri:0, instance:io.swagger.codegen.java.JavaModelTest@6aa27760]" name="hyphensTest" duration-ms="0" started-at="2015-10-09T23:15:40Z" description="convert hyphens per issue 503" finished-at="2015-10-09T23:15:40Z">
          <reporter-output>
          </reporter-output>
        </test-method> <!-- hyphensTest -->
        <test-method status="PASS" signature="invalidParamNameTest()[pri:0, instance:io.swagger.codegen.java.JavaModelTest@6aa27760]" name="invalidParamNameTest" duration-ms="0" started-at="2015-10-09T23:15:40Z" description="translate an invalid param name" finished-at="2015-10-09T23:15:40Z">
          <reporter-output>
          </reporter-output>
        </test-method> <!-- invalidParamNameTest -->
        <test-method status="PASS" signature="list2DPropertyTest()[pri:0, instance:io.swagger.codegen.java.JavaModelTest@6aa27760]" name="list2DPropertyTest" duration-ms="1" started-at="2015-10-09T23:15:40Z" description="convert a model with a 2D list property" finished-at="2015-10-09T23:15:40Z">
          <reporter-output>
          </reporter-output>
        </test-method> <!-- list2DPropertyTest -->
        <test-method status="PASS" signature="listPropertyTest()[pri:0, instance:io.swagger.codegen.java.JavaModelTest@6aa27760]" name="listPropertyTest" duration-ms="1" started-at="2015-10-09T23:15:40Z" description="convert a model with list property" finished-at="2015-10-09T23:15:40Z">
          <reporter-output>
          </reporter-output>
        </test-method> <!-- listPropertyTest -->
        <test-method status="PASS" signature="mapModelTest()[pri:0, instance:io.swagger.codegen.java.JavaModelTest@6aa27760]" name="mapModelTest" duration-ms="1" started-at="2015-10-09T23:15:40Z" description="convert an map model" finished-at="2015-10-09T23:15:40Z">
          <reporter-output>
          </reporter-output>
        </test-method> <!-- mapModelTest -->
        <test-method status="PASS" signature="mapPropertyTest()[pri:0, instance:io.swagger.codegen.java.JavaModelTest@6aa27760]" name="mapPropertyTest" duration-ms="0" started-at="2015-10-09T23:15:40Z" description="convert a model with a map property" finished-at="2015-10-09T23:15:40Z">
          <reporter-output>
          </reporter-output>
        </test-method> <!-- mapPropertyTest -->
        <test-method status="PASS" signature="mapWithListPropertyTest()[pri:0, instance:io.swagger.codegen.java.JavaModelTest@6aa27760]" name="mapWithListPropertyTest" duration-ms="1" started-at="2015-10-09T23:15:40Z" description="convert a model with a map with complex list property" finished-at="2015-10-09T23:15:40Z">
          <reporter-output>
          </reporter-output>
        </test-method> <!-- mapWithListPropertyTest -->
        <test-method status="PASS" signature="secondCharUpperCaseNamesTest()[pri:0, instance:io.swagger.codegen.java.JavaModelTest@6aa27760]" name="secondCharUpperCaseNamesTest" duration-ms="1" started-at="2015-10-09T23:15:40Z" description="convert a model with a 2nd char upper-case property names" finished-at="2015-10-09T23:15:40Z">
          <reporter-output>
          </reporter-output>
        </test-method> <!-- secondCharUpperCaseNamesTest -->
        <test-method status="PASS" signature="simpleModelTest()[pri:0, instance:io.swagger.codegen.java.JavaModelTest@6aa27760]" name="simpleModelTest" duration-ms="1" started-at="2015-10-09T23:15:40Z" description="convert a simple java model" finished-at="2015-10-09T23:15:40Z">
          <reporter-output>
          </reporter-output>
        </test-method> <!-- simpleModelTest -->
        <test-method status="PASS" signature="squareBracketsTest()[pri:0, instance:io.swagger.codegen.java.JavaModelTest@6aa27760]" name="squareBracketsTest" duration-ms="0" started-at="2015-10-09T23:15:40Z" description="convert query[password] to queryPassword" finished-at="2015-10-09T23:15:40Z">
          <reporter-output>
          </reporter-output>
        </test-method> <!-- squareBracketsTest -->
        <test-method status="PASS" signature="upperCaseNamesTest()[pri:0, instance:io.swagger.codegen.java.JavaModelTest@6aa27760]" name="upperCaseNamesTest" duration-ms="1" started-at="2015-10-09T23:15:40Z" description="convert a model with upper-case property names" finished-at="2015-10-09T23:15:40Z">
          <reporter-output>
          </reporter-output>
        </test-method> <!-- upperCaseNamesTest -->
      </class> <!-- io.swagger.codegen.java.JavaModelTest -->
      <class name="io.swagger.codegen.config.CodegenConfiguratorTest">
        <test-method status="PASS" signature="testAdditionalProperties()[pri:0, instance:io.swagger.codegen.config.CodegenConfiguratorTest@23cb7f34]" name="testAdditionalProperties" duration-ms="86" started-at="2015-10-09T23:15:39Z" finished-at="2015-10-09T23:15:40Z">
          <reporter-output>
          </reporter-output>
        </test-method> <!-- testAdditionalProperties -->
        <test-method status="PASS" signature="testApiPackage()[pri:0, instance:io.swagger.codegen.config.CodegenConfiguratorTest@23cb7f34]" name="testApiPackage" duration-ms="1" started-at="2015-10-09T23:15:40Z" finished-at="2015-10-09T23:15:40Z">
          <reporter-output>
          </reporter-output>
        </test-method> <!-- testApiPackage -->
        <test-method status="PASS" signature="testArtifactId()[pri:0, instance:io.swagger.codegen.config.CodegenConfiguratorTest@23cb7f34]" name="testArtifactId" duration-ms="1" started-at="2015-10-09T23:15:40Z" finished-at="2015-10-09T23:15:40Z">
          <reporter-output>
          </reporter-output>
        </test-method> <!-- testArtifactId -->
        <test-method status="PASS" signature="testArtifactVersion()[pri:0, instance:io.swagger.codegen.config.CodegenConfiguratorTest@23cb7f34]" name="testArtifactVersion" duration-ms="1" started-at="2015-10-09T23:15:40Z" finished-at="2015-10-09T23:15:40Z">
          <reporter-output>
          </reporter-output>
        </test-method> <!-- testArtifactVersion -->
        <test-method status="PASS" signature="testDynamicProperties()[pri:0, instance:io.swagger.codegen.config.CodegenConfiguratorTest@23cb7f34]" name="testDynamicProperties" duration-ms="1" started-at="2015-10-09T23:15:40Z" finished-at="2015-10-09T23:15:40Z">
          <reporter-output>
          </reporter-output>
        </test-method> <!-- testDynamicProperties -->
        <test-method status="PASS" signature="testFromFile()[pri:0, instance:io.swagger.codegen.config.CodegenConfiguratorTest@23cb7f34]" name="testFromFile" duration-ms="9" started-at="2015-10-09T23:15:40Z" finished-at="2015-10-09T23:15:40Z">
          <reporter-output>
          </reporter-output>
        </test-method> <!-- testFromFile -->
        <test-method status="PASS" signature="testGroupId()[pri:0, instance:io.swagger.codegen.config.CodegenConfiguratorTest@23cb7f34]" name="testGroupId" duration-ms="1" started-at="2015-10-09T23:15:40Z" finished-at="2015-10-09T23:15:40Z">
          <reporter-output>
          </reporter-output>
        </test-method> <!-- testGroupId -->
        <test-method status="PASS" signature="testImportMappings()[pri:0, instance:io.swagger.codegen.config.CodegenConfiguratorTest@23cb7f34]" name="testImportMappings" duration-ms="2" started-at="2015-10-09T23:15:40Z" finished-at="2015-10-09T23:15:40Z">
          <reporter-output>
          </reporter-output>
        </test-method> <!-- testImportMappings -->
        <test-method status="PASS" signature="testInstantiationTypes()[pri:0, instance:io.swagger.codegen.config.CodegenConfiguratorTest@23cb7f34]" name="testInstantiationTypes" duration-ms="2" started-at="2015-10-09T23:15:40Z" finished-at="2015-10-09T23:15:40Z">
          <reporter-output>
          </reporter-output>
        </test-method> <!-- testInstantiationTypes -->
        <test-method status="PASS" signature="testInvokerPackage()[pri:0, instance:io.swagger.codegen.config.CodegenConfiguratorTest@23cb7f34]" name="testInvokerPackage" duration-ms="2" started-at="2015-10-09T23:15:40Z" finished-at="2015-10-09T23:15:40Z">
          <reporter-output>
          </reporter-output>
        </test-method> <!-- testInvokerPackage -->
        <test-method status="PASS" signature="testLanguageSpecificPrimitives()[pri:0, instance:io.swagger.codegen.config.CodegenConfiguratorTest@23cb7f34]" name="testLanguageSpecificPrimitives" duration-ms="2" started-at="2015-10-09T23:15:40Z" finished-at="2015-10-09T23:15:40Z">
          <reporter-output>
          </reporter-output>
        </test-method> <!-- testLanguageSpecificPrimitives -->
        <test-method status="PASS" signature="testLibrary()[pri:0, instance:io.swagger.codegen.config.CodegenConfiguratorTest@23cb7f34]" name="testLibrary" duration-ms="2" started-at="2015-10-09T23:15:40Z" finished-at="2015-10-09T23:15:40Z">
          <reporter-output>
          </reporter-output>
        </test-method> <!-- testLibrary -->
        <test-method status="PASS" signature="testModelPackage()[pri:0, instance:io.swagger.codegen.config.CodegenConfiguratorTest@23cb7f34]" name="testModelPackage" duration-ms="1" started-at="2015-10-09T23:15:40Z" finished-at="2015-10-09T23:15:40Z">
          <reporter-output>
          </reporter-output>
        </test-method> <!-- testModelPackage -->
        <test-method status="PASS" signature="testSkipOverwrite()[pri:0, instance:io.swagger.codegen.config.CodegenConfiguratorTest@23cb7f34]" name="testSkipOverwrite" duration-ms="1" started-at="2015-10-09T23:15:40Z" finished-at="2015-10-09T23:15:40Z">
          <reporter-output>
          </reporter-output>
        </test-method> <!-- testSkipOverwrite -->
        <test-method status="PASS" signature="testSystemProperties()[pri:0, instance:io.swagger.codegen.config.CodegenConfiguratorTest@23cb7f34]" name="testSystemProperties" duration-ms="15" started-at="2015-10-09T23:15:40Z" finished-at="2015-10-09T23:15:40Z">
          <reporter-output>
          </reporter-output>
        </test-method> <!-- testSystemProperties -->
        <test-method status="PASS" signature="testTemplateDir()[pri:0, instance:io.swagger.codegen.config.CodegenConfiguratorTest@23cb7f34]" name="testTemplateDir" duration-ms="12" started-at="2015-10-09T23:15:40Z" finished-at="2015-10-09T23:15:40Z">
          <reporter-output>
          </reporter-output>
        </test-method> <!-- testTemplateDir -->
        <test-method status="PASS" signature="testTypeMappings()[pri:0, instance:io.swagger.codegen.config.CodegenConfiguratorTest@23cb7f34]" name="testTypeMappings" duration-ms="1" started-at="2015-10-09T23:15:40Z" finished-at="2015-10-09T23:15:40Z">
          <reporter-output>
          </reporter-output>
        </test-method> <!-- testTypeMappings -->
        <test-method status="PASS" signature="testVerbose()[pri:0, instance:io.swagger.codegen.config.CodegenConfiguratorTest@23cb7f34]" name="testVerbose" duration-ms="11" started-at="2015-10-09T23:15:40Z" finished-at="2015-10-09T23:15:40Z">
          <reporter-output>
          </reporter-output>
        </test-method> <!-- testVerbose -->
      </class> <!-- io.swagger.codegen.config.CodegenConfiguratorTest -->
      <class name="io.swagger.codegen.php.PhpModelTest">
        <test-method status="PASS" signature="arrayModelTest()[pri:0, instance:io.swagger.codegen.php.PhpModelTest@321e8e2e]" name="arrayModelTest" duration-ms="1" started-at="2015-10-09T23:15:40Z" description="convert an array model" finished-at="2015-10-09T23:15:40Z">
          <reporter-output>
          </reporter-output>
        </test-method> <!-- arrayModelTest -->
        <test-method status="PASS" signature="complexListProperty()[pri:0, instance:io.swagger.codegen.php.PhpModelTest@321e8e2e]" name="complexListProperty" duration-ms="1" started-at="2015-10-09T23:15:40Z" description="convert a model with complex list property" finished-at="2015-10-09T23:15:40Z">
          <reporter-output>
          </reporter-output>
        </test-method> <!-- complexListProperty -->
        <test-method status="PASS" signature="complexMapProperty()[pri:0, instance:io.swagger.codegen.php.PhpModelTest@321e8e2e]" name="complexMapProperty" duration-ms="1" started-at="2015-10-09T23:15:40Z" description="convert a model with complex map property" finished-at="2015-10-09T23:15:40Z">
          <reporter-output>
          </reporter-output>
        </test-method> <!-- complexMapProperty -->
        <test-method status="PASS" signature="complexPropertyTest()[pri:0, instance:io.swagger.codegen.php.PhpModelTest@321e8e2e]" name="complexPropertyTest" duration-ms="1" started-at="2015-10-09T23:15:40Z" description="convert a model with complex property" finished-at="2015-10-09T23:15:40Z">
          <reporter-output>
          </reporter-output>
        </test-method> <!-- complexPropertyTest -->
        <test-method status="PASS" signature="listPropertyTest()[pri:0, instance:io.swagger.codegen.php.PhpModelTest@321e8e2e]" name="listPropertyTest" duration-ms="2" started-at="2015-10-09T23:15:40Z" description="convert a model with list property" finished-at="2015-10-09T23:15:40Z">
          <reporter-output>
          </reporter-output>
        </test-method> <!-- listPropertyTest -->
        <test-method status="PASS" signature="mapModelTest()[pri:0, instance:io.swagger.codegen.php.PhpModelTest@321e8e2e]" name="mapModelTest" duration-ms="1" started-at="2015-10-09T23:15:40Z" description="convert an map model" finished-at="2015-10-09T23:15:40Z">
          <reporter-output>
          </reporter-output>
        </test-method> <!-- mapModelTest -->
        <test-method status="PASS" signature="mapPropertyTest()[pri:0, instance:io.swagger.codegen.php.PhpModelTest@321e8e2e]" name="mapPropertyTest" duration-ms="1" started-at="2015-10-09T23:15:40Z" description="convert a model with a map property" finished-at="2015-10-09T23:15:40Z">
          <reporter-output>
          </reporter-output>
        </test-method> <!-- mapPropertyTest -->
        <test-method status="PASS" signature="simpleModelTest()[pri:0, instance:io.swagger.codegen.php.PhpModelTest@321e8e2e]" name="simpleModelTest" duration-ms="2" started-at="2015-10-09T23:15:40Z" description="convert a simple php model" finished-at="2015-10-09T23:15:40Z">
          <reporter-output>
          </reporter-output>
        </test-method> <!-- simpleModelTest -->
      </class> <!-- io.swagger.codegen.php.PhpModelTest -->
      <class name="io.swagger.codegen.staticDocs.StaticOperationTest">
        <test-method status="PASS" signature="complexParameterTest()[pri:0, instance:io.swagger.codegen.staticDocs.StaticOperationTest@c2e42fe]" name="complexParameterTest" duration-ms="0" started-at="2015-10-09T23:15:40Z" description="convert a complex parameter" finished-at="2015-10-09T23:15:40Z">
          <reporter-output>
          </reporter-output>
        </test-method> <!-- complexParameterTest -->
        <test-method status="PASS" signature="listParameterTest()[pri:0, instance:io.swagger.codegen.staticDocs.StaticOperationTest@c2e42fe]" name="listParameterTest" duration-ms="0" started-at="2015-10-09T23:15:40Z" description="convert a complex list parameter" finished-at="2015-10-09T23:15:40Z">
          <reporter-output>
          </reporter-output>
        </test-method> <!-- listParameterTest -->
        <test-method status="PASS" signature="stringParameterTest()[pri:0, instance:io.swagger.codegen.staticDocs.StaticOperationTest@c2e42fe]" name="stringParameterTest" duration-ms="0" started-at="2015-10-09T23:15:40Z" description="convert a string parameter" finished-at="2015-10-09T23:15:40Z">
          <reporter-output>
          </reporter-output>
        </test-method> <!-- stringParameterTest -->
      </class> <!-- io.swagger.codegen.staticDocs.StaticOperationTest -->
    </test> <!-- Surefire test -->
  </suite> <!-- Surefire suite -->
</testng-results>
