<?xml version="1.0" encoding="UTF-8"?>
<testsuite name="TestSuite" time="1.627" tests="150" errors="0" skipped="0" failures="0">
  <properties>
[...]
</properties>
  <testcase name="clientAuthInputTest" classname="io.swagger.codegen.ClientAuthInputTest" time="0.018"/>
  <testcase name="testLoadByFullQualifiedName" classname="io.swagger.codegen.CodegenConfigLoaderTest" time="0.006"/>
  <testcase name="testLoadByFullQualifiedName" classname="io.swagger.codegen.CodegenConfigLoaderTest" time="0.003"/>
  <testcase name="testLoadByFullQualifiedName" classname="io.swagger.codegen.CodegenConfigLoaderTest" time="0.004"/>
  <testcase name="testLoadByFullQualifiedName" classname="io.swagger.codegen.CodegenConfigLoaderTest" time="0.005"/>
  <testcase name="testLoadByFullQualifiedName" classname="io.swagger.codegen.CodegenConfigLoaderTest" time="0.004"/>
  <testcase name="testLoadByFullQualifiedName" classname="io.swagger.codegen.CodegenConfigLoaderTest" time="0.004"/>
  <testcase name="testLoadByFullQualifiedName" classname="io.swagger.codegen.CodegenConfigLoaderTest" time="0.004"/>
  <testcase name="testLoadByFullQualifiedName" classname="io.swagger.codegen.CodegenConfigLoaderTest" time="0.005"/>
  <testcase name="testLoadByFullQualifiedName" classname="io.swagger.codegen.CodegenConfigLoaderTest" time="0.005"/>
  <testcase name="testLoadByFullQualifiedName" classname="io.swagger.codegen.CodegenConfigLoaderTest" time="0.002"/>
  <testcase name="testLoadByFullQualifiedName" classname="io.swagger.codegen.CodegenConfigLoaderTest" time="0.003"/>
  <testcase name="testLoadByFullQualifiedName" classname="io.swagger.codegen.CodegenConfigLoaderTest" time="0.003"/>
  <testcase name="testLoadByFullQualifiedName" classname="io.swagger.codegen.CodegenConfigLoaderTest" time="0.002"/>
  <testcase name="testLoadByFullQualifiedName" classname="io.swagger.codegen.CodegenConfigLoaderTest" time="0.011"/>
  <testcase name="testLoadByFullQualifiedName" classname="io.swagger.codegen.CodegenConfigLoaderTest" time="0.011"/>
  <testcase name="testLoadByFullQualifiedName" classname="io.swagger.codegen.CodegenConfigLoaderTest" time="0.003"/>
  <testcase name="testLoadByFullQualifiedName" classname="io.swagger.codegen.CodegenConfigLoaderTest" time="0.002"/>
  <testcase name="testLoadByFullQualifiedName" classname="io.swagger.codegen.CodegenConfigLoaderTest" time="0.001"/>
  <testcase name="testLoadByFullQualifiedName" classname="io.swagger.codegen.CodegenConfigLoaderTest" time="0.002"/>
  <testcase name="testLoadByFullQualifiedName" classname="io.swagger.codegen.CodegenConfigLoaderTest" time="0.003"/>
  <testcase name="testLoadByFullQualifiedName" classname="io.swagger.codegen.CodegenConfigLoaderTest" time="0.002"/>
  <testcase name="testLoadByFullQualifiedName" classname="io.swagger.codegen.CodegenConfigLoaderTest" time="0.001"/>
  <testcase name="testLoadByFullQualifiedName" classname="io.swagger.codegen.CodegenConfigLoaderTest" time="0.002"/>
  <testcase name="testLoadByFullQualifiedName" classname="io.swagger.codegen.CodegenConfigLoaderTest" time="0.009"/>
  <testcase name="testLoadByFullQualifiedName" classname="io.swagger.codegen.CodegenConfigLoaderTest" time="0.001"/>
  <testcase name="testLoadByFullQualifiedName" classname="io.swagger.codegen.CodegenConfigLoaderTest" time="0.001"/>
  <testcase name="testLoadByFullQualifiedName" classname="io.swagger.codegen.CodegenConfigLoaderTest" time="0.001"/>
  <testcase name="testLoadByFullQualifiedName" classname="io.swagger.codegen.CodegenConfigLoaderTest" time="0.001"/>
  <testcase name="testLoadByFullQualifiedName" classname="io.swagger.codegen.CodegenConfigLoaderTest" time="0.002"/>
  <testcase name="testLoadByFullQualifiedName" classname="io.swagger.codegen.CodegenConfigLoaderTest" time="0.001"/>
  <testcase name="testLoadByName" classname="io.swagger.codegen.CodegenConfigLoaderTest" time="0.001"/>
  <testcase name="testLoadByName" classname="io.swagger.codegen.CodegenConfigLoaderTest" time="0.002"/>
  <testcase name="testLoadByName" classname="io.swagger.codegen.CodegenConfigLoaderTest" time="0.001"/>
  <testcase name="testLoadByName" classname="io.swagger.codegen.CodegenConfigLoaderTest" time="0.001"/>
  <testcase name="testLoadByName" classname="io.swagger.codegen.CodegenConfigLoaderTest" time="0.001"/>
  <testcase name="testLoadByName" classname="io.swagger.codegen.CodegenConfigLoaderTest" time="0.001"/>
  <testcase name="testLoadByName" classname="io.swagger.codegen.CodegenConfigLoaderTest" time="0.001"/>
  <testcase name="testLoadByName" classname="io.swagger.codegen.CodegenConfigLoaderTest" time="0.001"/>
  <testcase name="testLoadByName" classname="io.swagger.codegen.CodegenConfigLoaderTest" time="0"/>
  <testcase name="testLoadByName" classname="io.swagger.codegen.CodegenConfigLoaderTest" time="0.001"/>
  <testcase name="testLoadByName" classname="io.swagger.codegen.CodegenConfigLoaderTest" time="0.001"/>
  <testcase name="testLoadByName" classname="io.swagger.codegen.CodegenConfigLoaderTest" time="0.001"/>
  <testcase name="testLoadByName" classname="io.swagger.codegen.CodegenConfigLoaderTest" time="0.001"/>
  <testcase name="testLoadByName" classname="io.swagger.codegen.CodegenConfigLoaderTest" time="0.001"/>
  <testcase name="testLoadByName" classname="io.swagger.codegen.CodegenConfigLoaderTest" time="0.001"/>
  <testcase name="testLoadByName" classname="io.swagger.codegen.CodegenConfigLoaderTest" time="0.001"/>
  <testcase name="testLoadByName" classname="io.swagger.codegen.CodegenConfigLoaderTest" time="0"/>
  <testcase name="testLoadByName" classname="io.swagger.codegen.CodegenConfigLoaderTest" time="0.001"/>
  <testcase name="testLoadByName" classname="io.swagger.codegen.CodegenConfigLoaderTest" time="0.001"/>
  <testcase name="testLoadByName" classname="io.swagger.codegen.CodegenConfigLoaderTest" time="0.001"/>
  <testcase name="testLoadByName" classname="io.swagger.codegen.CodegenConfigLoaderTest" time="0"/>
  <testcase name="testLoadByName" classname="io.swagger.codegen.CodegenConfigLoaderTest" time="0.001"/>
  <testcase name="testLoadByName" classname="io.swagger.codegen.CodegenConfigLoaderTest" time="0.001"/>
  <testcase name="testLoadByName" classname="io.swagger.codegen.CodegenConfigLoaderTest" time="0.001"/>
  <testcase name="testLoadByName" classname="io.swagger.codegen.CodegenConfigLoaderTest" time="0.001"/>
  <testcase name="testLoadByName" classname="io.swagger.codegen.CodegenConfigLoaderTest" time="0.001"/>
  <testcase name="testLoadByName" classname="io.swagger.codegen.CodegenConfigLoaderTest" time="0.001"/>
  <testcase name="testLoadByName" classname="io.swagger.codegen.CodegenConfigLoaderTest" time="0.002"/>
  <testcase name="testLoadByName" classname="io.swagger.codegen.CodegenConfigLoaderTest" time="0.001"/>
  <testcase name="testLoadByName" classname="io.swagger.codegen.CodegenConfigLoaderTest" time="0.001"/>
  <testcase name="binaryDataTest" classname="io.swagger.codegen.CodegenTest" time="0.361"/>
  <testcase name="fileUploadParamTest" classname="io.swagger.codegen.CodegenTest" time="0.088"/>
  <testcase name="formParamTest" classname="io.swagger.codegen.CodegenTest" time="0.015"/>
  <testcase name="requiredParametersTest" classname="io.swagger.codegen.CodegenTest" time="0.014"/>
  <testcase name="responseSelectionTest1" classname="io.swagger.codegen.CodegenTest" time="0.014"/>
  <testcase name="responseSelectionTest2" classname="io.swagger.codegen.CodegenTest" time="0.007"/>
  <testcase name="testAdditionalProperties" classname="io.swagger.codegen.config.CodegenConfiguratorTest" time="0.087"/>
  <testcase name="testApiPackage" classname="io.swagger.codegen.config.CodegenConfiguratorTest" time="0.002"/>
  <testcase name="testArtifactId" classname="io.swagger.codegen.config.CodegenConfiguratorTest" time="0.001"/>
  <testcase name="testArtifactVersion" classname="io.swagger.codegen.config.CodegenConfiguratorTest" time="0.001"/>
  <testcase name="testDynamicProperties" classname="io.swagger.codegen.config.CodegenConfiguratorTest" time="0.001"/>
  <testcase name="testFromFile" classname="io.swagger.codegen.config.CodegenConfiguratorTest" time="0.009"/>
  <testcase name="testGroupId" classname="io.swagger.codegen.config.CodegenConfiguratorTest" time="0.001"/>
  <testcase name="testImportMappings" classname="io.swagger.codegen.config.CodegenConfiguratorTest" time="0.002"/>
  <testcase name="testInstantiationTypes" classname="io.swagger.codegen.config.CodegenConfiguratorTest" time="0.003"/>
  <testcase name="testInvokerPackage" classname="io.swagger.codegen.config.CodegenConfiguratorTest" time="0.002"/>
  <testcase name="testLanguageSpecificPrimitives" classname="io.swagger.codegen.config.CodegenConfiguratorTest" time="0.002"/>
  <testcase name="testLibrary" classname="io.swagger.codegen.config.CodegenConfiguratorTest" time="0.001"/>
  <testcase name="testModelPackage" classname="io.swagger.codegen.config.CodegenConfiguratorTest" time="0.001"/>
  <testcase name="testSkipOverwrite" classname="io.swagger.codegen.config.CodegenConfiguratorTest" time="0.002"/>
  <testcase name="testSystemProperties" classname="io.swagger.codegen.config.CodegenConfiguratorTest" time="0.018"/>
  <testcase name="testTemplateDir" classname="io.swagger.codegen.config.CodegenConfiguratorTest" time="0.012"/>
  <testcase name="testTypeMappings" classname="io.swagger.codegen.config.CodegenConfiguratorTest" time="0.002"/>
  <testcase name="testVerbose" classname="io.swagger.codegen.config.CodegenConfiguratorTest" time="0.014"/>
  <testcase name="testSkipOverwrite" classname="io.swagger.codegen.DefaultGeneratorTest" time="0.52"/>
  <testcase name="recursiveModelsTest" classname="io.swagger.codegen.ExampleGeneratorTest" time="0.014"/>
  <testcase name="javaInheritanceTest" classname="io.swagger.codegen.java.JavaInheritanceTest" time="0.005"/>
  <testcase name="converterTest" classname="io.swagger.codegen.java.JavaModelEnumTest" time="0.002"/>
  <testcase name="overrideEnumTest" classname="io.swagger.codegen.java.JavaModelEnumTest" time="0.002"/>
  <testcase name="arrayModelTest" classname="io.swagger.codegen.java.JavaModelTest" time="0.003"/>
  <testcase name="binaryDataTest" classname="io.swagger.codegen.java.JavaModelTest" time="0.004"/>
  <testcase name="complexListPropertyTest" classname="io.swagger.codegen.java.JavaModelTest" time="0.003"/>
  <testcase name="complexMapPropertyTest" classname="io.swagger.codegen.java.JavaModelTest" time="0.002"/>
  <testcase name="complexPropertiesTest" classname="io.swagger.codegen.java.JavaModelTest" time="0.001"/>
  <testcase name="convertParameterTest" classname="io.swagger.codegen.java.JavaModelTest" time="0.001"/>
  <testcase name="escapeNamesTest" classname="io.swagger.codegen.java.JavaModelTest" time="0.001"/>
  <testcase name="hyphensTest" classname="io.swagger.codegen.java.JavaModelTest" time="0.001"/>
  <testcase name="invalidParamNameTest" classname="io.swagger.codegen.java.JavaModelTest" time="0"/>
  <testcase name="list2DPropertyTest" classname="io.swagger.codegen.java.JavaModelTest" time="0.002"/>
  <testcase name="listPropertyTest" classname="io.swagger.codegen.java.JavaModelTest" time="0.001"/>
  <testcase name="mapModelTest" classname="io.swagger.codegen.java.JavaModelTest" time="0.002"/>
  <testcase name="mapPropertyTest" classname="io.swagger.codegen.java.JavaModelTest" time="0.001"/>
  <testcase name="mapWithListPropertyTest" classname="io.swagger.codegen.java.JavaModelTest" time="0.001"/>
  <testcase name="secondCharUpperCaseNamesTest" classname="io.swagger.codegen.java.JavaModelTest" time="0.001"/>
  <testcase name="simpleModelTest" classname="io.swagger.codegen.java.JavaModelTest" time="0.001"/>
  <testcase name="squareBracketsTest" classname="io.swagger.codegen.java.JavaModelTest" time="0"/>
  <testcase name="upperCaseNamesTest" classname="io.swagger.codegen.java.JavaModelTest" time="0.001"/>
  <testcase name="arrayModelTest" classname="io.swagger.codegen.objc.ObjcModelTest" time="0.002"/>
  <testcase name="complexListPropertyTest" classname="io.swagger.codegen.objc.ObjcModelTest" time="0.001"/>
  <testcase name="complexMapPropertyTest" classname="io.swagger.codegen.objc.ObjcModelTest" time="0.001"/>
  <testcase name="complexPropertyTest" classname="io.swagger.codegen.objc.ObjcModelTest" time="0"/>
  <testcase name="issue316Test" classname="io.swagger.codegen.objc.ObjcModelTest" time="0.005"/>
  <testcase name="listPropertyTest" classname="io.swagger.codegen.objc.ObjcModelTest" time="0.001"/>
  <testcase name="mapModelTest" classname="io.swagger.codegen.objc.ObjcModelTest" time="0.001"/>
  <testcase name="mapPropertyTest" classname="io.swagger.codegen.objc.ObjcModelTest" time="0.001"/>
  <testcase name="simpleModelTest" classname="io.swagger.codegen.objc.ObjcModelTest" time="0.001"/>
  <testcase name="arrayModelTest" classname="io.swagger.codegen.php.PhpModelTest" time="0.002"/>
  <testcase name="complexListProperty" classname="io.swagger.codegen.php.PhpModelTest" time="0.001"/>
  <testcase name="complexMapProperty" classname="io.swagger.codegen.php.PhpModelTest" time="0.001"/>
  <testcase name="complexPropertyTest" classname="io.swagger.codegen.php.PhpModelTest" time="0.001"/>
  <testcase name="listPropertyTest" classname="io.swagger.codegen.php.PhpModelTest" time="0.001"/>
  <testcase name="mapModelTest" classname="io.swagger.codegen.php.PhpModelTest" time="0.001"/>
  <testcase name="mapPropertyTest" classname="io.swagger.codegen.php.PhpModelTest" time="0.001"/>
  <testcase name="simpleModelTest" classname="io.swagger.codegen.php.PhpModelTest" time="0.001"/>
  <testcase name="modelTest" classname="io.swagger.codegen.python.PythonTest" time="0.216"/>
  <testcase name="arrayModelTest" classname="io.swagger.codegen.scala.ScalaModelTest" time="0.003"/>
  <testcase name="complexListPropertyTest" classname="io.swagger.codegen.scala.ScalaModelTest" time="0"/>
  <testcase name="complexMapPropertyTest" classname="io.swagger.codegen.scala.ScalaModelTest" time="0.001"/>
  <testcase name="complexPropertyTest" classname="io.swagger.codegen.scala.ScalaModelTest" time="0.001"/>
  <testcase name="listPropertyTest" classname="io.swagger.codegen.scala.ScalaModelTest" time="0.001"/>
  <testcase name="mapModelTest" classname="io.swagger.codegen.scala.ScalaModelTest" time="0.001"/>
  <testcase name="mapPropertyTest" classname="io.swagger.codegen.scala.ScalaModelTest" time="0.001"/>
  <testcase name="simpleModelTest" classname="io.swagger.codegen.scala.ScalaModelTest" time="0.001"/>
  <testcase name="complexParameterTest" classname="io.swagger.codegen.staticDocs.StaticOperationTest" time="0.001"/>
  <testcase name="listParameterTest" classname="io.swagger.codegen.staticDocs.StaticOperationTest" time="0.001"/>
  <testcase name="stringParameterTest" classname="io.swagger.codegen.staticDocs.StaticOperationTest" time="0"/>
  <testcase name="swaggerMigratorTest" classname="io.swagger.codegen.SwaggerMigratorTest" time="0.113"/>
  <testcase name="arrayModelTest" classname="io.swagger.codegen.typescriptangular.TypeScriptAngularModelTest" time="0.003"/>
  <testcase name="complexListPropertyTest" classname="io.swagger.codegen.typescriptangular.TypeScriptAngularModelTest" time="0.001"/>
  <testcase name="complexPropertyTest" classname="io.swagger.codegen.typescriptangular.TypeScriptAngularModelTest" time="0.001"/>
  <testcase name="listPropertyTest" classname="io.swagger.codegen.typescriptangular.TypeScriptAngularModelTest" time="0.001"/>
  <testcase name="mapModelTest" classname="io.swagger.codegen.typescriptangular.TypeScriptAngularModelTest" time="0.001"/>
  <testcase name="simpleModelTest" classname="io.swagger.codegen.typescriptangular.TypeScriptAngularModelTest" time="0.001"/>
  <testcase name="arrayModelTest" classname="io.swagger.codegen.typescriptnode.TypeScriptNodeModelTest" time="0"/>
  <testcase name="complexListPropertyTest" classname="io.swagger.codegen.typescriptnode.TypeScriptNodeModelTest" time="0"/>
  <testcase name="complexPropertyTest" classname="io.swagger.codegen.typescriptnode.TypeScriptNodeModelTest" time="0.001"/>
  <testcase name="listPropertyTest" classname="io.swagger.codegen.typescriptnode.TypeScriptNodeModelTest" time="0.001"/>
  <testcase name="mapModelTest" classname="io.swagger.codegen.typescriptnode.TypeScriptNodeModelTest" time="0.001"/>
  <testcase name="simpleModelTest" classname="io.swagger.codegen.typescriptnode.TypeScriptNodeModelTest" time="0"/>
</testsuite>