<?xml version="1.0" encoding="UTF-8"?>
<!-- Generated by org.testng.reporters.JUnitXMLReporter -->
<testsuite hostname="Daniels-MacBook-Pro.local" name="Surefire test" tests="2" failures="0" timestamp="10 Oct 2015 04:15:53 GMT" time="0.024" errors="0">
  <testcase name="splitCommaSeparatedList on splitCommaSeparatedList(io.swagger.codegen.cmd.utils.OptionUtilsTest)" time="0.003" classname="io.swagger.codegen.cmd.utils.OptionUtilsTest"/>
  <testcase name="testParseCommaSeparatedTuples on testParseCommaSeparatedTuples(io.swagger.codegen.cmd.utils.OptionUtilsTest)" time="0.002" classname="io.swagger.codegen.cmd.utils.OptionUtilsTest"/>
</testsuite> <!-- Surefire test -->
